2022-05-12 07:10:27,052 INFO org.springframework.boot.StartupInfoLogger [restartedMain] Starting EauctionHouseBidServiceApplication using Java 15.0.1 on DESKTOP-UP4G20T with PID 20656 (D:\Work\HackFSE-2022-v1\project-repo\eauction-house\eauction-house-bid-service\build\classes\java\main started by supra in D:\Work\HackFSE-2022-v1\project-repo\eauction-house\eauction-house-bid-service)
2022-05-12 07:10:27,056 INFO org.hibernate.validator.internal.util.Version [background-preinit] HV000001: Hibernate Validator 6.2.3.Final
2022-05-12 07:10:27,057 INFO org.springframework.boot.SpringApplication [restartedMain] The following 1 profile is active: "dev"
2022-05-12 07:10:27,121 INFO org.springframework.boot.logging.DeferredLog [restartedMain] Fetching config from server at : http://localhost:8888
2022-05-12 07:10:27,122 INFO org.springframework.boot.logging.DeferredLog [restartedMain] Connect Timeout Exception on Url - http://localhost:8888. Will be trying the next url if available
2022-05-12 07:10:27,123 INFO org.springframework.boot.logging.DeferredLog [restartedMain] Devtools property defaults active! Set 'spring.devtools.add-properties' to 'false' to disable
2022-05-12 07:10:27,123 INFO org.springframework.boot.logging.DeferredLog [restartedMain] For additional web related logging consider setting the 'logging.level.web' property to 'DEBUG'
2022-05-12 07:10:28,230 INFO org.springframework.data.repository.config.RepositoryConfigurationDelegate [restartedMain] Bootstrapping Spring Data JPA repositories in DEFAULT mode.
2022-05-12 07:10:28,632 INFO org.springframework.data.repository.config.RepositoryConfigurationDelegate [restartedMain] Finished Spring Data repository scanning in 382 ms. Found 1 JPA repository interfaces.
2022-05-12 07:10:29,607 INFO org.springframework.core.log.LogAccessor [restartedMain] No bean named 'errorChannel' has been explicitly defined. Therefore, a default PublishSubscribeChannel will be created.
2022-05-12 07:10:29,673 INFO org.springframework.core.log.LogAccessor [restartedMain] No bean named 'integrationHeaderChannelRegistry' has been explicitly defined. Therefore, a default DefaultHeaderChannelRegistry will be created.
2022-05-12 07:10:29,967 INFO org.springframework.cloud.context.scope.GenericScope [restartedMain] BeanFactory id=74b51dd3-73db-31c1-a0b8-0c4921938b55
2022-05-12 07:10:30,230 INFO org.springframework.context.support.PostProcessorRegistrationDelegate$BeanPostProcessorChecker [restartedMain] Bean 'integrationChannelResolver' of type [org.springframework.integration.support.channel.BeanFactoryChannelResolver] is not eligible for getting processed by all BeanPostProcessors (for example: not eligible for auto-proxying)
2022-05-12 07:10:30,325 INFO org.springframework.context.support.PostProcessorRegistrationDelegate$BeanPostProcessorChecker [restartedMain] Bean 'org.springframework.integration.config.IntegrationManagementConfiguration' of type [org.springframework.integration.config.IntegrationManagementConfiguration] is not eligible for getting processed by all BeanPostProcessors (for example: not eligible for auto-proxying)
2022-05-12 07:10:31,383 INFO org.springframework.boot.web.embedded.tomcat.TomcatWebServer [restartedMain] Tomcat initialized with port(s): 8080 (http)
2022-05-12 07:10:31,398 INFO org.apache.juli.logging.DirectJDKLog [restartedMain] Initializing ProtocolHandler ["http-nio-8080"]
2022-05-12 07:10:31,399 INFO org.apache.juli.logging.DirectJDKLog [restartedMain] Starting service [Tomcat]
2022-05-12 07:10:31,399 INFO org.apache.juli.logging.DirectJDKLog [restartedMain] Starting Servlet engine: [Apache Tomcat/9.0.62]
2022-05-12 07:10:31,616 INFO org.apache.juli.logging.DirectJDKLog [restartedMain] Initializing Spring embedded WebApplicationContext
2022-05-12 07:10:31,616 INFO org.springframework.boot.web.servlet.context.ServletWebServerApplicationContext [restartedMain] Root WebApplicationContext: initialization completed in 4492 ms
2022-05-12 07:10:31,717 WARN org.springframework.context.support.AbstractApplicationContext [restartedMain] Exception encountered during context initialization - cancelling refresh attempt: org.springframework.beans.factory.UnsatisfiedDependencyException: Error creating bean with name 'dataSourceScriptDatabaseInitializer' defined in class path resource [org/springframework/boot/autoconfigure/sql/init/DataSourceInitializationConfiguration.class]: Unsatisfied dependency expressed through method 'dataSourceScriptDatabaseInitializer' parameter 0; nested exception is org.springframework.beans.factory.BeanCreationException: Error creating bean with name 'dataSource' defined in class path resource [org/springframework/boot/autoconfigure/jdbc/DataSourceConfiguration$Hikari.class]: Bean instantiation via factory method failed; nested exception is org.springframework.beans.BeanInstantiationException: Failed to instantiate [com.zaxxer.hikari.HikariDataSource]: Factory method 'dataSource' threw exception; nested exception is org.springframework.boot.autoconfigure.jdbc.DataSourceProperties$DataSourceBeanCreationException: Failed to determine a suitable driver class
2022-05-12 07:10:31,720 INFO org.apache.juli.logging.DirectJDKLog [restartedMain] Stopping service [Tomcat]
2022-05-12 07:10:31,765 INFO org.springframework.boot.autoconfigure.logging.ConditionEvaluationReportLoggingListener [restartedMain] 

Error starting ApplicationContext. To display the conditions report re-run your application with 'debug' enabled.
2022-05-12 07:10:31,793 ERROR org.springframework.boot.diagnostics.LoggingFailureAnalysisReporter [restartedMain] 

***************************
APPLICATION FAILED TO START
***************************

Description:

Failed to configure a DataSource: 'url' attribute is not specified and no embedded datasource could be configured.

Reason: Failed to determine a suitable driver class


Action:

Consider the following:
	If you want an embedded database (H2, HSQL or Derby), please put it on the classpath.
	If you have database settings to be loaded from a particular profile you may need to activate it (the profiles dev are currently active).

2022-05-12 07:14:53,720 INFO org.hibernate.validator.internal.util.Version [background-preinit] HV000001: Hibernate Validator 6.2.3.Final
2022-05-12 07:14:53,729 INFO org.springframework.boot.StartupInfoLogger [restartedMain] Starting EauctionHouseBidServiceApplication using Java 15.0.1 on DESKTOP-UP4G20T with PID 11368 (D:\Work\HackFSE-2022-v1\project-repo\eauction-house\eauction-house-bid-service\build\classes\java\main started by supra in D:\Work\HackFSE-2022-v1\project-repo\eauction-house\eauction-house-bid-service)
2022-05-12 07:14:53,729 INFO org.springframework.boot.SpringApplication [restartedMain] The following 1 profile is active: "dev"
2022-05-12 07:14:53,766 INFO org.springframework.boot.logging.DeferredLog [restartedMain] Fetching config from server at : http://localhost:8888
2022-05-12 07:14:53,766 INFO org.springframework.boot.logging.DeferredLog [restartedMain] Located environment: name=bid, profiles=[dev], label=null, version=null, state=null
2022-05-12 07:14:53,767 INFO org.springframework.boot.logging.DeferredLog [restartedMain] Devtools property defaults active! Set 'spring.devtools.add-properties' to 'false' to disable
2022-05-12 07:14:53,768 INFO org.springframework.boot.logging.DeferredLog [restartedMain] For additional web related logging consider setting the 'logging.level.web' property to 'DEBUG'
2022-05-12 07:14:54,303 INFO org.springframework.data.repository.config.RepositoryConfigurationDelegate [restartedMain] Bootstrapping Spring Data JPA repositories in DEFAULT mode.
2022-05-12 07:14:54,398 INFO org.springframework.data.repository.config.RepositoryConfigurationDelegate [restartedMain] Finished Spring Data repository scanning in 88 ms. Found 1 JPA repository interfaces.
2022-05-12 07:14:54,575 INFO org.springframework.core.log.LogAccessor [restartedMain] No bean named 'errorChannel' has been explicitly defined. Therefore, a default PublishSubscribeChannel will be created.
2022-05-12 07:14:54,583 INFO org.springframework.core.log.LogAccessor [restartedMain] No bean named 'integrationHeaderChannelRegistry' has been explicitly defined. Therefore, a default DefaultHeaderChannelRegistry will be created.
2022-05-12 07:14:54,671 INFO org.springframework.cloud.context.scope.GenericScope [restartedMain] BeanFactory id=74b51dd3-73db-31c1-a0b8-0c4921938b55
2022-05-12 07:14:54,789 INFO org.springframework.context.support.PostProcessorRegistrationDelegate$BeanPostProcessorChecker [restartedMain] Bean 'integrationChannelResolver' of type [org.springframework.integration.support.channel.BeanFactoryChannelResolver] is not eligible for getting processed by all BeanPostProcessors (for example: not eligible for auto-proxying)
2022-05-12 07:14:54,845 INFO org.springframework.context.support.PostProcessorRegistrationDelegate$BeanPostProcessorChecker [restartedMain] Bean 'org.springframework.integration.config.IntegrationManagementConfiguration' of type [org.springframework.integration.config.IntegrationManagementConfiguration] is not eligible for getting processed by all BeanPostProcessors (for example: not eligible for auto-proxying)
2022-05-12 07:14:55,365 INFO org.springframework.boot.web.embedded.tomcat.TomcatWebServer [restartedMain] Tomcat initialized with port(s): 8050 (http)
2022-05-12 07:14:55,375 INFO org.apache.juli.logging.DirectJDKLog [restartedMain] Initializing ProtocolHandler ["http-nio-8050"]
2022-05-12 07:14:55,375 INFO org.apache.juli.logging.DirectJDKLog [restartedMain] Starting service [Tomcat]
2022-05-12 07:14:55,375 INFO org.apache.juli.logging.DirectJDKLog [restartedMain] Starting Servlet engine: [Apache Tomcat/9.0.62]
2022-05-12 07:14:55,504 INFO org.apache.juli.logging.DirectJDKLog [restartedMain] Initializing Spring embedded WebApplicationContext
2022-05-12 07:14:55,504 INFO org.springframework.boot.web.servlet.context.ServletWebServerApplicationContext [restartedMain] Root WebApplicationContext: initialization completed in 1736 ms
2022-05-12 07:14:55,623 INFO org.hibernate.jpa.internal.util.LogHelper [restartedMain] HHH000204: Processing PersistenceUnitInfo [name: default]
2022-05-12 07:14:55,690 INFO org.hibernate.Version [restartedMain] HHH000412: Hibernate ORM core version 5.6.8.Final
2022-05-12 07:14:55,859 INFO org.hibernate.annotations.common.reflection.java.JavaReflectionManager [restartedMain] HCANN000001: Hibernate Commons Annotations {5.1.2.Final}
2022-05-12 07:14:55,945 INFO com.zaxxer.hikari.HikariDataSource [restartedMain] HikariPool-1 - Starting...
2022-05-12 07:14:56,204 INFO com.zaxxer.hikari.HikariDataSource [restartedMain] HikariPool-1 - Start completed.
2022-05-12 07:14:56,220 INFO org.hibernate.dialect.Dialect [restartedMain] HHH000400: Using dialect: org.hibernate.dialect.MySQL8Dialect
2022-05-12 07:14:56,703 INFO org.hibernate.engine.transaction.jta.platform.internal.JtaPlatformInitiator [restartedMain] HHH000490: Using JtaPlatform implementation: [org.hibernate.engine.transaction.jta.platform.internal.NoJtaPlatform]
2022-05-12 07:14:56,711 INFO org.springframework.orm.jpa.AbstractEntityManagerFactoryBean [restartedMain] Initialized JPA EntityManagerFactory for persistence unit 'default'
2022-05-12 07:14:57,148 WARN org.springframework.boot.autoconfigure.orm.jpa.JpaBaseConfiguration$JpaWebConfiguration [restartedMain] spring.jpa.open-in-view is enabled by default. Therefore, database queries may be performed during view rendering. Explicitly configure spring.jpa.open-in-view to disable this warning
2022-05-12 07:14:57,469 WARN org.springframework.boot.devtools.autoconfigure.OptionalLiveReloadServer [restartedMain] Unable to start LiveReload server
2022-05-12 07:14:57,565 INFO org.springframework.cloud.netflix.eureka.config.DiscoveryClientOptionalArgsConfiguration [restartedMain] Eureka HTTP Client uses RestTemplate.
2022-05-12 07:14:57,716 WARN org.springframework.cloud.loadbalancer.config.LoadBalancerCacheAutoConfiguration$LoadBalancerCaffeineWarnLogger [restartedMain] Spring Cloud LoadBalancer is currently working with the default cache. While this cache implementation is useful for development and tests, it's recommended to use Caffeine cache in production.You can switch to using Caffeine cache, by adding it and org.springframework.cache.caffeine.CaffeineCacheManager to the classpath.
2022-05-12 07:14:57,731 INFO org.springframework.cloud.stream.function.FunctionConfiguration$FunctionBindingRegistrar [restartedMain] Functional binding is disabled due to the presense of @EnableBinding annotation in your configuration
2022-05-12 07:14:57,834 INFO org.springframework.core.log.LogAccessor [restartedMain] Adding {logging-channel-adapter:_org.springframework.integration.errorLogger} as a subscriber to the 'errorChannel' channel
2022-05-12 07:14:57,834 INFO org.springframework.core.log.LogAccessor [restartedMain] Channel 'Bid.errorChannel' has 1 subscriber(s).
2022-05-12 07:14:57,835 INFO org.springframework.core.log.LogAccessor [restartedMain] started bean '_org.springframework.integration.errorLogger'
2022-05-12 07:14:57,835 INFO org.springframework.cloud.stream.binder.DefaultBinderFactory [restartedMain] Creating binder: ktable
2022-05-12 07:14:57,894 INFO org.springframework.cloud.stream.binder.DefaultBinderFactory [restartedMain] Caching the binder: ktable
2022-05-12 07:14:57,894 INFO org.springframework.cloud.stream.binder.DefaultBinderFactory [restartedMain] Retrieving cached binder: ktable
2022-05-12 07:14:57,894 INFO org.springframework.cloud.stream.binder.DefaultBinderFactory [restartedMain] Creating binder: kafka
2022-05-12 07:14:57,941 INFO org.springframework.cloud.stream.binder.DefaultBinderFactory [restartedMain] Caching the binder: kafka
2022-05-12 07:14:57,941 INFO org.springframework.cloud.stream.binder.DefaultBinderFactory [restartedMain] Retrieving cached binder: kafka
2022-05-12 07:14:57,941 INFO org.springframework.cloud.stream.binder.DefaultBinderFactory [restartedMain] Creating binder: kstream
2022-05-12 07:14:57,956 INFO org.springframework.cloud.stream.binder.DefaultBinderFactory [restartedMain] Caching the binder: kstream
2022-05-12 07:14:57,956 INFO org.springframework.cloud.stream.binder.DefaultBinderFactory [restartedMain] Retrieving cached binder: kstream
2022-05-12 07:14:57,957 INFO org.springframework.cloud.stream.binder.DefaultBinderFactory [restartedMain] Creating binder: globalktable
2022-05-12 07:14:57,980 INFO org.springframework.cloud.stream.binder.DefaultBinderFactory [restartedMain] Caching the binder: globalktable
2022-05-12 07:14:57,980 INFO org.springframework.cloud.stream.binder.DefaultBinderFactory [restartedMain] Retrieving cached binder: globalktable
2022-05-12 07:14:57,980 INFO org.springframework.cloud.stream.binder.DefaultBinderFactory [restartedMain] Retrieving cached binder: kafka
2022-05-12 07:14:58,012 INFO org.springframework.cloud.stream.binder.kafka.provisioning.KafkaTopicProvisioner [restartedMain] Using kafka topic for outbound: BIDS_PLACED_BY_BUYER
2022-05-12 07:14:58,015 INFO org.apache.kafka.common.config.AbstractConfig [restartedMain] AdminClientConfig values: 
	bootstrap.servers = [localhost:9092]
	client.dns.lookup = use_all_dns_ips
	client.id = 
	connections.max.idle.ms = 300000
	default.api.timeout.ms = 60000
	metadata.max.age.ms = 300000
	metric.reporters = []
	metrics.num.samples = 2
	metrics.recording.level = INFO
	metrics.sample.window.ms = 30000
	receive.buffer.bytes = 65536
	reconnect.backoff.max.ms = 1000
	reconnect.backoff.ms = 50
	request.timeout.ms = 30000
	retries = 2147483647
	retry.backoff.ms = 100
	sasl.client.callback.handler.class = null
	sasl.jaas.config = null
	sasl.kerberos.kinit.cmd = /usr/bin/kinit
	sasl.kerberos.min.time.before.relogin = 60000
	sasl.kerberos.service.name = null
	sasl.kerberos.ticket.renew.jitter = 0.05
	sasl.kerberos.ticket.renew.window.factor = 0.8
	sasl.login.callback.handler.class = null
	sasl.login.class = null
	sasl.login.refresh.buffer.seconds = 300
	sasl.login.refresh.min.period.seconds = 60
	sasl.login.refresh.window.factor = 0.8
	sasl.login.refresh.window.jitter = 0.05
	sasl.mechanism = GSSAPI
	security.protocol = PLAINTEXT
	security.providers = null
	send.buffer.bytes = 131072
	socket.connection.setup.timeout.max.ms = 30000
	socket.connection.setup.timeout.ms = 10000
	ssl.cipher.suites = null
	ssl.enabled.protocols = [TLSv1.2, TLSv1.3]
	ssl.endpoint.identification.algorithm = https
	ssl.engine.factory.class = null
	ssl.key.password = null
	ssl.keymanager.algorithm = SunX509
	ssl.keystore.certificate.chain = null
	ssl.keystore.key = null
	ssl.keystore.location = null
	ssl.keystore.password = null
	ssl.keystore.type = JKS
	ssl.protocol = TLSv1.3
	ssl.provider = null
	ssl.secure.random.implementation = null
	ssl.trustmanager.algorithm = PKIX
	ssl.truststore.certificates = null
	ssl.truststore.location = null
	ssl.truststore.password = null
	ssl.truststore.type = JKS

2022-05-12 07:14:58,117 INFO org.apache.kafka.common.utils.AppInfoParser$AppInfo [restartedMain] Kafka version: 3.0.1
2022-05-12 07:14:58,117 INFO org.apache.kafka.common.utils.AppInfoParser$AppInfo [restartedMain] Kafka commitId: 8e30984f43e64d8b
2022-05-12 07:14:58,117 INFO org.apache.kafka.common.utils.AppInfoParser$AppInfo [restartedMain] Kafka startTimeMs: 1652319898116
2022-05-12 07:14:58,519 INFO org.apache.kafka.common.utils.AppInfoParser [kafka-admin-client-thread | adminclient-1] App info kafka.admin.client for adminclient-1 unregistered
2022-05-12 07:14:58,524 INFO org.apache.kafka.common.metrics.Metrics [kafka-admin-client-thread | adminclient-1] Metrics scheduler closed
2022-05-12 07:14:58,524 INFO org.apache.kafka.common.metrics.Metrics [kafka-admin-client-thread | adminclient-1] Closing reporter org.apache.kafka.common.metrics.JmxReporter
2022-05-12 07:14:58,524 INFO org.apache.kafka.common.metrics.Metrics [kafka-admin-client-thread | adminclient-1] Metrics reporters closed
2022-05-12 07:14:58,532 INFO org.apache.kafka.clients.producer.ProducerConfig [restartedMain] Idempotence will be disabled because acks is set to 1, not set to 'all'.
2022-05-12 07:14:58,532 INFO org.apache.kafka.common.config.AbstractConfig [restartedMain] ProducerConfig values: 
	acks = 1
	batch.size = 16384
	bootstrap.servers = [localhost:9092]
	buffer.memory = 33554432
	client.dns.lookup = use_all_dns_ips
	client.id = producer-1
	compression.type = none
	connections.max.idle.ms = 540000
	delivery.timeout.ms = 120000
	enable.idempotence = false
	interceptor.classes = []
	key.serializer = class org.apache.kafka.common.serialization.ByteArraySerializer
	linger.ms = 0
	max.block.ms = 60000
	max.in.flight.requests.per.connection = 5
	max.request.size = 1048576
	metadata.max.age.ms = 300000
	metadata.max.idle.ms = 300000
	metric.reporters = []
	metrics.num.samples = 2
	metrics.recording.level = INFO
	metrics.sample.window.ms = 30000
	partitioner.class = class org.apache.kafka.clients.producer.internals.DefaultPartitioner
	receive.buffer.bytes = 32768
	reconnect.backoff.max.ms = 1000
	reconnect.backoff.ms = 50
	request.timeout.ms = 30000
	retries = 2147483647
	retry.backoff.ms = 100
	sasl.client.callback.handler.class = null
	sasl.jaas.config = null
	sasl.kerberos.kinit.cmd = /usr/bin/kinit
	sasl.kerberos.min.time.before.relogin = 60000
	sasl.kerberos.service.name = null
	sasl.kerberos.ticket.renew.jitter = 0.05
	sasl.kerberos.ticket.renew.window.factor = 0.8
	sasl.login.callback.handler.class = null
	sasl.login.class = null
	sasl.login.refresh.buffer.seconds = 300
	sasl.login.refresh.min.period.seconds = 60
	sasl.login.refresh.window.factor = 0.8
	sasl.login.refresh.window.jitter = 0.05
	sasl.mechanism = GSSAPI
	security.protocol = PLAINTEXT
	security.providers = null
	send.buffer.bytes = 131072
	socket.connection.setup.timeout.max.ms = 30000
	socket.connection.setup.timeout.ms = 10000
	ssl.cipher.suites = null
	ssl.enabled.protocols = [TLSv1.2, TLSv1.3]
	ssl.endpoint.identification.algorithm = https
	ssl.engine.factory.class = null
	ssl.key.password = null
	ssl.keymanager.algorithm = SunX509
	ssl.keystore.certificate.chain = null
	ssl.keystore.key = null
	ssl.keystore.location = null
	ssl.keystore.password = null
	ssl.keystore.type = JKS
	ssl.protocol = TLSv1.3
	ssl.provider = null
	ssl.secure.random.implementation = null
	ssl.trustmanager.algorithm = PKIX
	ssl.truststore.certificates = null
	ssl.truststore.location = null
	ssl.truststore.password = null
	ssl.truststore.type = JKS
	transaction.timeout.ms = 60000
	transactional.id = null
	value.serializer = class org.apache.kafka.common.serialization.ByteArraySerializer

2022-05-12 07:14:58,553 INFO org.apache.kafka.common.utils.AppInfoParser$AppInfo [restartedMain] Kafka version: 3.0.1
2022-05-12 07:14:58,553 INFO org.apache.kafka.common.utils.AppInfoParser$AppInfo [restartedMain] Kafka commitId: 8e30984f43e64d8b
2022-05-12 07:14:58,553 INFO org.apache.kafka.common.utils.AppInfoParser$AppInfo [restartedMain] Kafka startTimeMs: 1652319898553
2022-05-12 07:14:58,560 INFO org.apache.kafka.clients.Metadata [kafka-producer-network-thread | producer-1] [Producer clientId=producer-1] Resetting the last seen epoch of partition BIDS_PLACED_BY_BUYER-0 to 0 since the associated topicId changed from null to 8RUW1brkRPikwmd5IUILqA
2022-05-12 07:14:58,561 INFO org.apache.kafka.clients.Metadata [kafka-producer-network-thread | producer-1] [Producer clientId=producer-1] Cluster ID: Fg-suBJLRSO0cNl9srhg1A
2022-05-12 07:14:58,567 INFO org.springframework.core.log.LogAccessor [restartedMain] Channel 'Bid.output' has 1 subscriber(s).
2022-05-12 07:14:58,574 INFO org.springframework.cloud.netflix.eureka.InstanceInfoFactory [restartedMain] Setting initial instance status as: STARTING
2022-05-12 07:14:58,637 INFO com.netflix.discovery.DiscoveryClient [restartedMain] Initializing Eureka in region default
2022-05-12 07:14:58,641 INFO com.netflix.discovery.shared.resolver.aws.ConfigClusterResolver [restartedMain] Resolving eureka endpoints via configuration
2022-05-12 07:14:58,672 INFO com.netflix.discovery.DiscoveryClient [restartedMain] Disable delta property : false
2022-05-12 07:14:58,672 INFO com.netflix.discovery.DiscoveryClient [restartedMain] Single vip registry refresh property : null
2022-05-12 07:14:58,672 INFO com.netflix.discovery.DiscoveryClient [restartedMain] Force full registry fetch : false
2022-05-12 07:14:58,672 INFO com.netflix.discovery.DiscoveryClient [restartedMain] Application is null : false
2022-05-12 07:14:58,672 INFO com.netflix.discovery.DiscoveryClient [restartedMain] Registered Applications size is zero : true
2022-05-12 07:14:58,672 INFO com.netflix.discovery.DiscoveryClient [restartedMain] Application version is -1: true
2022-05-12 07:14:58,672 INFO com.netflix.discovery.DiscoveryClient [restartedMain] Getting all instance registry info from the eureka server
2022-05-12 07:14:58,820 INFO com.netflix.discovery.DiscoveryClient [restartedMain] The response status is 200
2022-05-12 07:14:58,828 INFO com.netflix.discovery.DiscoveryClient [restartedMain] Starting heartbeat executor: renew interval is: 30
2022-05-12 07:14:58,833 INFO com.netflix.discovery.InstanceInfoReplicator [restartedMain] InstanceInfoReplicator onDemand update allowed rate per min is 4
2022-05-12 07:14:58,848 INFO com.netflix.discovery.DiscoveryClient [restartedMain] Discovery Client initialized at timestamp 1652319898848 with initial instances count: 5
2022-05-12 07:14:58,851 INFO org.springframework.cloud.netflix.eureka.serviceregistry.EurekaServiceRegistry [restartedMain] Registering application BID with eureka with status UP
2022-05-12 07:14:58,851 INFO com.netflix.discovery.DiscoveryClient$3 [restartedMain] Saw local status change event StatusChangeEvent [timestamp=1652319898851, current=UP, previous=STARTING]
2022-05-12 07:14:58,852 INFO com.netflix.discovery.DiscoveryClient [DiscoveryClient-InstanceInfoReplicator-0] DiscoveryClient_BID/DESKTOP-UP4G20T:Bid:8050: registering service...
2022-05-12 07:14:58,852 INFO org.apache.juli.logging.DirectJDKLog [restartedMain] Starting ProtocolHandler ["http-nio-8050"]
2022-05-12 07:14:58,861 INFO org.springframework.boot.web.embedded.tomcat.TomcatWebServer [restartedMain] Tomcat started on port(s): 8050 (http) with context path ''
2022-05-12 07:14:58,862 INFO org.springframework.cloud.netflix.eureka.serviceregistry.EurekaAutoServiceRegistration [restartedMain] Updating port to 8050
2022-05-12 07:14:58,887 INFO com.netflix.discovery.DiscoveryClient [DiscoveryClient-InstanceInfoReplicator-0] DiscoveryClient_BID/DESKTOP-UP4G20T:Bid:8050 - registration status: 204
2022-05-12 07:14:58,938 INFO org.springframework.boot.StartupInfoLogger [restartedMain] Started EauctionHouseBidServiceApplication in 6.287 seconds (JVM running for 6.813)
2022-05-12 07:19:58,678 INFO com.netflix.discovery.shared.resolver.aws.ConfigClusterResolver [AsyncResolver-bootstrap-executor-0] Resolving eureka endpoints via configuration
2022-05-12 07:24:58,684 INFO com.netflix.discovery.shared.resolver.aws.ConfigClusterResolver [AsyncResolver-bootstrap-executor-0] Resolving eureka endpoints via configuration
2022-05-12 07:29:58,698 INFO com.netflix.discovery.shared.resolver.aws.ConfigClusterResolver [AsyncResolver-bootstrap-executor-0] Resolving eureka endpoints via configuration
2022-05-12 07:34:58,697 INFO com.netflix.discovery.shared.resolver.aws.ConfigClusterResolver [AsyncResolver-bootstrap-executor-0] Resolving eureka endpoints via configuration
2022-05-12 07:39:59,275 INFO com.netflix.discovery.shared.resolver.aws.ConfigClusterResolver [AsyncResolver-bootstrap-executor-0] Resolving eureka endpoints via configuration
2022-05-12 07:44:59,276 INFO com.netflix.discovery.shared.resolver.aws.ConfigClusterResolver [AsyncResolver-bootstrap-executor-0] Resolving eureka endpoints via configuration
2022-05-12 07:49:59,291 INFO com.netflix.discovery.shared.resolver.aws.ConfigClusterResolver [AsyncResolver-bootstrap-executor-0] Resolving eureka endpoints via configuration
2022-05-12 07:54:59,292 INFO com.netflix.discovery.shared.resolver.aws.ConfigClusterResolver [AsyncResolver-bootstrap-executor-0] Resolving eureka endpoints via configuration
2022-05-12 07:59:59,303 INFO com.netflix.discovery.shared.resolver.aws.ConfigClusterResolver [AsyncResolver-bootstrap-executor-0] Resolving eureka endpoints via configuration
2022-05-12 08:04:59,314 INFO com.netflix.discovery.shared.resolver.aws.ConfigClusterResolver [AsyncResolver-bootstrap-executor-0] Resolving eureka endpoints via configuration
2022-05-12 08:09:59,318 INFO com.netflix.discovery.shared.resolver.aws.ConfigClusterResolver [AsyncResolver-bootstrap-executor-0] Resolving eureka endpoints via configuration
2022-05-12 08:14:59,324 INFO com.netflix.discovery.shared.resolver.aws.ConfigClusterResolver [AsyncResolver-bootstrap-executor-0] Resolving eureka endpoints via configuration
2022-05-12 08:19:59,325 INFO com.netflix.discovery.shared.resolver.aws.ConfigClusterResolver [AsyncResolver-bootstrap-executor-0] Resolving eureka endpoints via configuration
2022-05-12 08:24:59,332 INFO com.netflix.discovery.shared.resolver.aws.ConfigClusterResolver [AsyncResolver-bootstrap-executor-0] Resolving eureka endpoints via configuration
2022-05-12 08:29:59,342 INFO com.netflix.discovery.shared.resolver.aws.ConfigClusterResolver [AsyncResolver-bootstrap-executor-0] Resolving eureka endpoints via configuration
2022-05-12 08:34:59,344 INFO com.netflix.discovery.shared.resolver.aws.ConfigClusterResolver [AsyncResolver-bootstrap-executor-0] Resolving eureka endpoints via configuration
2022-05-12 08:39:59,346 INFO com.netflix.discovery.shared.resolver.aws.ConfigClusterResolver [AsyncResolver-bootstrap-executor-0] Resolving eureka endpoints via configuration
2022-05-12 08:45:01,684 INFO com.netflix.discovery.shared.resolver.aws.ConfigClusterResolver [AsyncResolver-bootstrap-executor-0] Resolving eureka endpoints via configuration
2022-05-12 08:50:01,686 INFO com.netflix.discovery.shared.resolver.aws.ConfigClusterResolver [AsyncResolver-bootstrap-executor-0] Resolving eureka endpoints via configuration
2022-05-12 08:55:01,695 INFO com.netflix.discovery.shared.resolver.aws.ConfigClusterResolver [AsyncResolver-bootstrap-executor-0] Resolving eureka endpoints via configuration
2022-05-12 14:37:47,464 INFO com.netflix.discovery.shared.resolver.aws.ConfigClusterResolver [AsyncResolver-bootstrap-executor-0] Resolving eureka endpoints via configuration
2022-05-12 14:37:47,477 WARN com.zaxxer.hikari.pool.HikariPool$HouseKeeper [HikariPool-1 housekeeper] HikariPool-1 - Thread starvation or clock leap detected (housekeeper delta=5h38m13s252ms714µs600ns).
2022-05-12 14:37:48,831 WARN com.netflix.discovery.TimedSupervisorTask [DiscoveryClient-1] task supervisor timed out
java.util.concurrent.TimeoutException: null
	at java.base/java.util.concurrent.FutureTask.get(FutureTask.java:204)
	at com.netflix.discovery.TimedSupervisorTask.run(TimedSupervisorTask.java:68)
	at java.base/java.util.concurrent.Executors$RunnableAdapter.call(Executors.java:515)
	at java.base/java.util.concurrent.FutureTask.run(FutureTask.java:264)
	at java.base/java.util.concurrent.ScheduledThreadPoolExecutor$ScheduledFutureTask.run(ScheduledThreadPoolExecutor.java:304)
	at java.base/java.util.concurrent.ThreadPoolExecutor.runWorker(ThreadPoolExecutor.java:1130)
	at java.base/java.util.concurrent.ThreadPoolExecutor$Worker.run(ThreadPoolExecutor.java:630)
	at java.base/java.lang.Thread.run(Thread.java:832)
2022-05-12 14:42:47,754 INFO com.netflix.discovery.shared.resolver.aws.ConfigClusterResolver [AsyncResolver-bootstrap-executor-0] Resolving eureka endpoints via configuration
2022-05-12 14:44:39,190 WARN com.zaxxer.hikari.pool.HikariPool$HouseKeeper [HikariPool-1 housekeeper] HikariPool-1 - Thread starvation or clock leap detected (housekeeper delta=51s188ms683µs700ns).
2022-05-12 22:25:42,870 WARN com.netflix.discovery.TimedSupervisorTask [DiscoveryClient-1] task supervisor timed out
java.util.concurrent.TimeoutException: null
	at java.base/java.util.concurrent.FutureTask.get(FutureTask.java:204)
	at com.netflix.discovery.TimedSupervisorTask.run(TimedSupervisorTask.java:68)
	at java.base/java.util.concurrent.Executors$RunnableAdapter.call(Executors.java:515)
	at java.base/java.util.concurrent.FutureTask.run(FutureTask.java:264)
	at java.base/java.util.concurrent.ScheduledThreadPoolExecutor$ScheduledFutureTask.run(ScheduledThreadPoolExecutor.java:304)
	at java.base/java.util.concurrent.ThreadPoolExecutor.runWorker(ThreadPoolExecutor.java:1130)
	at java.base/java.util.concurrent.ThreadPoolExecutor$Worker.run(ThreadPoolExecutor.java:630)
	at java.base/java.lang.Thread.run(Thread.java:832)
2022-05-12 22:26:00,233 WARN com.zaxxer.hikari.pool.HikariPool$HouseKeeper [HikariPool-1 housekeeper] HikariPool-1 - Thread starvation or clock leap detected (housekeeper delta=7h40m51s24ms313µs200ns).
2022-05-12 22:26:11,408 WARN org.apache.kafka.clients.NetworkClient [kafka-producer-network-thread | producer-1] [Producer clientId=producer-1] Connection to node 0 (DESKTOP-UP4G20T/192.168.1.7:9092) could not be established. Broker may not be available.
2022-05-12 22:26:13,862 WARN org.apache.kafka.clients.NetworkClient [kafka-producer-network-thread | producer-1] [Producer clientId=producer-1] Connection to node 0 (DESKTOP-UP4G20T/192.168.1.7:9092) could not be established. Broker may not be available.
2022-05-12 22:26:16,568 WARN org.apache.kafka.clients.NetworkClient [kafka-producer-network-thread | producer-1] [Producer clientId=producer-1] Connection to node 0 (DESKTOP-UP4G20T/192.168.1.7:9092) could not be established. Broker may not be available.
2022-05-12 22:26:19,366 WARN org.apache.kafka.clients.NetworkClient [kafka-producer-network-thread | producer-1] [Producer clientId=producer-1] Connection to node 0 (DESKTOP-UP4G20T/192.168.1.7:9092) could not be established. Broker may not be available.
2022-05-12 22:26:22,288 WARN org.apache.kafka.clients.NetworkClient [kafka-producer-network-thread | producer-1] [Producer clientId=producer-1] Connection to node 0 (DESKTOP-UP4G20T/192.168.1.7:9092) could not be established. Broker may not be available.
2022-05-12 22:26:25,250 WARN org.apache.kafka.clients.NetworkClient [kafka-producer-network-thread | producer-1] [Producer clientId=producer-1] Connection to node 0 (DESKTOP-UP4G20T/192.168.1.7:9092) could not be established. Broker may not be available.
