2022-05-05 13:09:00,181 INFO org.springframework.boot.StartupInfoLogger [restartedMain] Starting EauctionHouseSellerServiceApplication using Java 15.0.1 on DESKTOP-UP4G20T with PID 9812 (D:\Work\HackFSE-2022-v1\project-repo\eauction-house\eauction-house-seller-service\build\classes\java\main started by supra in D:\Work\HackFSE-2022-v1\project-repo\eauction-house\eauction-house-seller-service)
2022-05-05 13:09:00,184 INFO org.springframework.boot.SpringApplication [restartedMain] The following 1 profile is active: "dev"
2022-05-05 13:09:00,218 INFO org.springframework.boot.logging.DeferredLog [restartedMain] Fetching config from server at : http://localhost:8888
2022-05-05 13:09:00,218 INFO org.springframework.boot.logging.DeferredLog [restartedMain] Located environment: name=seller, profiles=[dev], label=null, version=null, state=null
2022-05-05 13:09:00,219 INFO org.springframework.boot.logging.DeferredLog [restartedMain] Devtools property defaults active! Set 'spring.devtools.add-properties' to 'false' to disable
2022-05-05 13:09:00,220 INFO org.springframework.boot.logging.DeferredLog [restartedMain] For additional web related logging consider setting the 'logging.level.web' property to 'DEBUG'
2022-05-05 13:09:00,744 INFO org.springframework.data.repository.config.RepositoryConfigurationDelegate [restartedMain] Bootstrapping Spring Data JPA repositories in DEFAULT mode.
2022-05-05 13:09:00,847 INFO org.springframework.data.repository.config.RepositoryConfigurationDelegate [restartedMain] Finished Spring Data repository scanning in 97 ms. Found 1 JPA repository interfaces.
2022-05-05 13:09:01,025 INFO org.springframework.cloud.context.scope.GenericScope [restartedMain] BeanFactory id=68d0ba52-2d27-3096-ba20-90fb32366441
2022-05-05 13:09:01,576 INFO org.springframework.boot.web.embedded.tomcat.TomcatWebServer [restartedMain] Tomcat initialized with port(s): 8020 (http)
2022-05-05 13:09:01,585 INFO org.apache.juli.logging.DirectJDKLog [restartedMain] Initializing ProtocolHandler ["http-nio-8020"]
2022-05-05 13:09:01,585 INFO org.apache.juli.logging.DirectJDKLog [restartedMain] Starting service [Tomcat]
2022-05-05 13:09:01,585 INFO org.apache.juli.logging.DirectJDKLog [restartedMain] Starting Servlet engine: [Apache Tomcat/9.0.62]
2022-05-05 13:09:01,683 INFO org.apache.juli.logging.DirectJDKLog [restartedMain] Initializing Spring embedded WebApplicationContext
2022-05-05 13:09:01,684 INFO org.springframework.boot.web.servlet.context.ServletWebServerApplicationContext [restartedMain] Root WebApplicationContext: initialization completed in 1464 ms
2022-05-05 13:09:01,857 INFO org.hibernate.jpa.internal.util.LogHelper [restartedMain] HHH000204: Processing PersistenceUnitInfo [name: default]
2022-05-05 13:09:01,918 INFO org.hibernate.Version [restartedMain] HHH000412: Hibernate ORM core version 5.6.8.Final
2022-05-05 13:09:02,097 INFO org.hibernate.annotations.common.reflection.java.JavaReflectionManager [restartedMain] HCANN000001: Hibernate Commons Annotations {5.1.2.Final}
2022-05-05 13:09:02,200 INFO com.zaxxer.hikari.HikariDataSource [restartedMain] HikariPool-1 - Starting...
2022-05-05 13:09:02,699 INFO com.zaxxer.hikari.HikariDataSource [restartedMain] HikariPool-1 - Start completed.
2022-05-05 13:09:02,714 INFO org.hibernate.dialect.Dialect [restartedMain] HHH000400: Using dialect: org.hibernate.dialect.MySQL8Dialect
2022-05-05 13:09:03,179 INFO org.hibernate.engine.transaction.jta.platform.internal.JtaPlatformInitiator [restartedMain] HHH000490: Using JtaPlatform implementation: [org.hibernate.engine.transaction.jta.platform.internal.NoJtaPlatform]
2022-05-05 13:09:03,185 INFO org.springframework.orm.jpa.AbstractEntityManagerFactoryBean [restartedMain] Initialized JPA EntityManagerFactory for persistence unit 'default'
2022-05-05 13:09:03,439 WARN org.springframework.boot.autoconfigure.orm.jpa.JpaBaseConfiguration$JpaWebConfiguration [restartedMain] spring.jpa.open-in-view is enabled by default. Therefore, database queries may be performed during view rendering. Explicitly configure spring.jpa.open-in-view to disable this warning
2022-05-05 13:09:03,455 WARN org.springframework.boot.devtools.autoconfigure.OptionalLiveReloadServer [restartedMain] Unable to start LiveReload server
2022-05-05 13:09:03,479 INFO org.springframework.cloud.openfeign.FeignClientFactoryBean [restartedMain] For 'product' URL not provided. Will try picking an instance via load-balancing.
2022-05-05 13:09:03,809 INFO org.springframework.cloud.netflix.eureka.config.DiscoveryClientOptionalArgsConfiguration [restartedMain] Eureka HTTP Client uses RestTemplate.
2022-05-05 13:09:03,921 WARN org.springframework.cloud.loadbalancer.config.LoadBalancerCacheAutoConfiguration$LoadBalancerCaffeineWarnLogger [restartedMain] Spring Cloud LoadBalancer is currently working with the default cache. While this cache implementation is useful for development and tests, it's recommended to use Caffeine cache in production.You can switch to using Caffeine cache, by adding it and org.springframework.cache.caffeine.CaffeineCacheManager to the classpath.
2022-05-05 13:09:03,936 INFO org.springframework.cloud.netflix.eureka.InstanceInfoFactory [restartedMain] Setting initial instance status as: STARTING
2022-05-05 13:09:04,026 INFO com.netflix.discovery.DiscoveryClient [restartedMain] Initializing Eureka in region default
2022-05-05 13:09:04,031 INFO com.netflix.discovery.shared.resolver.aws.ConfigClusterResolver [restartedMain] Resolving eureka endpoints via configuration
2022-05-05 13:09:04,071 INFO com.netflix.discovery.DiscoveryClient [restartedMain] Disable delta property : false
2022-05-05 13:09:04,071 INFO com.netflix.discovery.DiscoveryClient [restartedMain] Single vip registry refresh property : null
2022-05-05 13:09:04,072 INFO com.netflix.discovery.DiscoveryClient [restartedMain] Force full registry fetch : false
2022-05-05 13:09:04,072 INFO com.netflix.discovery.DiscoveryClient [restartedMain] Application is null : false
2022-05-05 13:09:04,072 INFO com.netflix.discovery.DiscoveryClient [restartedMain] Registered Applications size is zero : true
2022-05-05 13:09:04,072 INFO com.netflix.discovery.DiscoveryClient [restartedMain] Application version is -1: true
2022-05-05 13:09:04,072 INFO com.netflix.discovery.DiscoveryClient [restartedMain] Getting all instance registry info from the eureka server
2022-05-05 13:09:04,210 INFO com.netflix.discovery.DiscoveryClient [restartedMain] The response status is 200
2022-05-05 13:09:04,217 INFO com.netflix.discovery.DiscoveryClient [restartedMain] Starting heartbeat executor: renew interval is: 30
2022-05-05 13:09:04,224 INFO com.netflix.discovery.InstanceInfoReplicator [restartedMain] InstanceInfoReplicator onDemand update allowed rate per min is 4
2022-05-05 13:09:04,240 INFO com.netflix.discovery.DiscoveryClient [restartedMain] Discovery Client initialized at timestamp 1651736344238 with initial instances count: 1
2022-05-05 13:09:04,241 INFO org.springframework.cloud.netflix.eureka.serviceregistry.EurekaServiceRegistry [restartedMain] Registering application SELLER with eureka with status UP
2022-05-05 13:09:04,242 INFO com.netflix.discovery.DiscoveryClient$3 [restartedMain] Saw local status change event StatusChangeEvent [timestamp=1651736344242, current=UP, previous=STARTING]
2022-05-05 13:09:04,243 INFO com.netflix.discovery.DiscoveryClient [DiscoveryClient-InstanceInfoReplicator-0] DiscoveryClient_SELLER/DESKTOP-UP4G20T:seller:8020: registering service...
2022-05-05 13:09:04,243 INFO org.apache.juli.logging.DirectJDKLog [restartedMain] Starting ProtocolHandler ["http-nio-8020"]
2022-05-05 13:09:04,271 INFO org.springframework.boot.web.embedded.tomcat.TomcatWebServer [restartedMain] Tomcat started on port(s): 8020 (http) with context path ''
2022-05-05 13:09:04,271 INFO org.springframework.cloud.netflix.eureka.serviceregistry.EurekaAutoServiceRegistration [restartedMain] Updating port to 8020
2022-05-05 13:09:04,292 INFO com.netflix.discovery.DiscoveryClient [DiscoveryClient-InstanceInfoReplicator-0] DiscoveryClient_SELLER/DESKTOP-UP4G20T:seller:8020 - registration status: 204
2022-05-05 13:09:04,345 INFO org.springframework.boot.StartupInfoLogger [restartedMain] Started EauctionHouseSellerServiceApplication in 5.205 seconds (JVM running for 5.721)
2022-05-05 13:12:19,734 INFO org.apache.juli.logging.DirectJDKLog [http-nio-8020-exec-2] Initializing Spring DispatcherServlet 'dispatcherServlet'
2022-05-05 13:12:19,735 INFO org.springframework.web.servlet.FrameworkServlet [http-nio-8020-exec-2] Initializing Servlet 'dispatcherServlet'
2022-05-05 13:12:19,738 INFO org.springframework.web.servlet.FrameworkServlet [http-nio-8020-exec-2] Completed initialization in 2 ms
2022-05-05 13:12:19,810 INFO com.cts.eauction.microservices.seller.controller.SellerController [http-nio-8020-exec-2] Executing addNewProduct method with AddNewProductRequest [productName=Test Product9, shortDescription=This is product's short description, detailedDescription=This is product's detail description, category=Show piece, startingPrice=null, bidEndDate=10/10/2022, firstName=Supratim, lastName=Bhattacharyya, Address=61, Santoshpur Avenue, Kolkata 700075, City=Kolkata, State=West Bengal, Pin=700075, Phone=9830533054, Email=abcd@gmail.com]
2022-05-05 13:12:19,842 INFO com.cts.eauction.microservices.seller.services.SellerService [http-nio-8020-exec-2] Entering registerSeller method with Seller [firstName=Supratim, lastName=Bhattacharyya, Address=61, Santoshpur Avenue, Kolkata 700075, City=Kolkata, State=West Bengal, Pin=700075, Phone=9830533054, Email=abcd@gmail.com]
2022-05-05 13:12:20,060 INFO com.cts.eauction.microservices.seller.services.SellerService [http-nio-8020-exec-2] Seller is saved in database Seller [firstName=Supratim, lastName=Bhattacharyya, Address=61, Santoshpur Avenue, Kolkata 700075, City=Kolkata, State=West Bengal, Pin=700075, Phone=9830533054, Email=abcd@gmail.com]
2022-05-05 13:12:20,473 ERROR org.apache.juli.logging.DirectJDKLog [http-nio-8020-exec-2] Servlet.service() for servlet [dispatcherServlet] in context with path [] threw exception [Request processing failed; nested exception is feign.FeignException$InternalServerError: [500] during [POST] to [http://product/e-auction/api/v1/product/add-product] [ProductClient#addNewProduct(ProductRequest)]: [{"timestamp":"2022-05-05T07:42:20.446+00:00","status":500,"error":"Internal Server Error","trace":"java.lang.NullPointerException: Cannot invoke \"org.springframework.cloud.stream.messaging.Source.out... (6957 bytes)]] with root cause
feign.FeignException$InternalServerError: [500] during [POST] to [http://product/e-auction/api/v1/product/add-product] [ProductClient#addNewProduct(ProductRequest)]: [{"timestamp":"2022-05-05T07:42:20.446+00:00","status":500,"error":"Internal Server Error","trace":"java.lang.NullPointerException: Cannot invoke \"org.springframework.cloud.stream.messaging.Source.out... (6957 bytes)]
	at feign.FeignException.serverErrorStatus(FeignException.java:250)
	at feign.FeignException.errorStatus(FeignException.java:197)
	at feign.FeignException.errorStatus(FeignException.java:185)
	at feign.codec.ErrorDecoder$Default.decode(ErrorDecoder.java:92)
	at feign.AsyncResponseHandler.handleResponse(AsyncResponseHandler.java:96)
	at feign.SynchronousMethodHandler.executeAndDecode(SynchronousMethodHandler.java:138)
	at feign.SynchronousMethodHandler.invoke(SynchronousMethodHandler.java:89)
	at feign.ReflectiveFeign$FeignInvocationHandler.invoke(ReflectiveFeign.java:100)
	at com.sun.proxy.$Proxy128.addNewProduct(Unknown Source)
	at com.cts.eauction.microservices.seller.controller.SellerController.addNewProduct(SellerController.java:41)
	at java.base/jdk.internal.reflect.NativeMethodAccessorImpl.invoke0(Native Method)
	at java.base/jdk.internal.reflect.NativeMethodAccessorImpl.invoke(NativeMethodAccessorImpl.java:64)
	at java.base/jdk.internal.reflect.DelegatingMethodAccessorImpl.invoke(DelegatingMethodAccessorImpl.java:43)
	at java.base/java.lang.reflect.Method.invoke(Method.java:564)
	at org.springframework.web.method.support.InvocableHandlerMethod.doInvoke(InvocableHandlerMethod.java:205)
	at org.springframework.web.method.support.InvocableHandlerMethod.invokeForRequest(InvocableHandlerMethod.java:150)
	at org.springframework.web.servlet.mvc.method.annotation.ServletInvocableHandlerMethod.invokeAndHandle(ServletInvocableHandlerMethod.java:117)
	at org.springframework.web.servlet.mvc.method.annotation.RequestMappingHandlerAdapter.invokeHandlerMethod(RequestMappingHandlerAdapter.java:895)
	at org.springframework.web.servlet.mvc.method.annotation.RequestMappingHandlerAdapter.handleInternal(RequestMappingHandlerAdapter.java:808)
	at org.springframework.web.servlet.mvc.method.AbstractHandlerMethodAdapter.handle(AbstractHandlerMethodAdapter.java:87)
	at org.springframework.web.servlet.DispatcherServlet.doDispatch(DispatcherServlet.java:1067)
	at org.springframework.web.servlet.DispatcherServlet.doService(DispatcherServlet.java:963)
	at org.springframework.web.servlet.FrameworkServlet.processRequest(FrameworkServlet.java:1006)
	at org.springframework.web.servlet.FrameworkServlet.doPost(FrameworkServlet.java:909)
	at javax.servlet.http.HttpServlet.service(HttpServlet.java:681)
	at org.springframework.web.servlet.FrameworkServlet.service(FrameworkServlet.java:883)
	at javax.servlet.http.HttpServlet.service(HttpServlet.java:764)
	at org.apache.catalina.core.ApplicationFilterChain.internalDoFilter(ApplicationFilterChain.java:227)
	at org.apache.catalina.core.ApplicationFilterChain.doFilter(ApplicationFilterChain.java:162)
	at org.apache.tomcat.websocket.server.WsFilter.doFilter(WsFilter.java:53)
	at org.apache.catalina.core.ApplicationFilterChain.internalDoFilter(ApplicationFilterChain.java:189)
	at org.apache.catalina.core.ApplicationFilterChain.doFilter(ApplicationFilterChain.java:162)
	at org.springframework.web.filter.RequestContextFilter.doFilterInternal(RequestContextFilter.java:100)
	at org.springframework.web.filter.OncePerRequestFilter.doFilter(OncePerRequestFilter.java:117)
	at org.apache.catalina.core.ApplicationFilterChain.internalDoFilter(ApplicationFilterChain.java:189)
	at org.apache.catalina.core.ApplicationFilterChain.doFilter(ApplicationFilterChain.java:162)
	at org.springframework.web.filter.FormContentFilter.doFilterInternal(FormContentFilter.java:93)
	at org.springframework.web.filter.OncePerRequestFilter.doFilter(OncePerRequestFilter.java:117)
	at org.apache.catalina.core.ApplicationFilterChain.internalDoFilter(ApplicationFilterChain.java:189)
	at org.apache.catalina.core.ApplicationFilterChain.doFilter(ApplicationFilterChain.java:162)
	at org.springframework.web.filter.CharacterEncodingFilter.doFilterInternal(CharacterEncodingFilter.java:201)
	at org.springframework.web.filter.OncePerRequestFilter.doFilter(OncePerRequestFilter.java:117)
	at org.apache.catalina.core.ApplicationFilterChain.internalDoFilter(ApplicationFilterChain.java:189)
	at org.apache.catalina.core.ApplicationFilterChain.doFilter(ApplicationFilterChain.java:162)
	at org.apache.catalina.core.StandardWrapperValve.invoke(StandardWrapperValve.java:197)
	at org.apache.catalina.core.StandardContextValve.invoke(StandardContextValve.java:97)
	at org.apache.catalina.authenticator.AuthenticatorBase.invoke(AuthenticatorBase.java:541)
	at org.apache.catalina.core.StandardHostValve.invoke(StandardHostValve.java:135)
	at org.apache.catalina.valves.ErrorReportValve.invoke(ErrorReportValve.java:92)
	at org.apache.catalina.core.StandardEngineValve.invoke(StandardEngineValve.java:78)
	at org.apache.catalina.connector.CoyoteAdapter.service(CoyoteAdapter.java:360)
	at org.apache.coyote.http11.Http11Processor.service(Http11Processor.java:399)
	at org.apache.coyote.AbstractProcessorLight.process(AbstractProcessorLight.java:65)
	at org.apache.coyote.AbstractProtocol$ConnectionHandler.process(AbstractProtocol.java:890)
	at org.apache.tomcat.util.net.NioEndpoint$SocketProcessor.doRun(NioEndpoint.java:1743)
	at org.apache.tomcat.util.net.SocketProcessorBase.run(SocketProcessorBase.java:49)
	at org.apache.tomcat.util.threads.ThreadPoolExecutor.runWorker(ThreadPoolExecutor.java:1191)
	at org.apache.tomcat.util.threads.ThreadPoolExecutor$Worker.run(ThreadPoolExecutor.java:659)
	at org.apache.tomcat.util.threads.TaskThread$WrappingRunnable.run(TaskThread.java:61)
	at java.base/java.lang.Thread.run(Thread.java:832)
2022-05-05 13:14:04,092 INFO com.netflix.discovery.shared.resolver.aws.ConfigClusterResolver [AsyncResolver-bootstrap-executor-0] Resolving eureka endpoints via configuration
2022-05-05 13:59:15,413 WARN com.zaxxer.hikari.pool.HikariPool$HouseKeeper [HikariPool-1 housekeeper] HikariPool-1 - Thread starvation or clock leap detected (housekeeper delta=42m42s387ms58µs100ns).
2022-05-05 14:01:16,490 INFO com.netflix.discovery.shared.resolver.aws.ConfigClusterResolver [AsyncResolver-bootstrap-executor-0] Resolving eureka endpoints via configuration
2022-05-05 14:06:16,497 INFO com.netflix.discovery.shared.resolver.aws.ConfigClusterResolver [AsyncResolver-bootstrap-executor-0] Resolving eureka endpoints via configuration
2022-05-05 14:11:16,514 INFO com.netflix.discovery.shared.resolver.aws.ConfigClusterResolver [AsyncResolver-bootstrap-executor-0] Resolving eureka endpoints via configuration
2022-05-05 14:16:16,522 INFO com.netflix.discovery.shared.resolver.aws.ConfigClusterResolver [AsyncResolver-bootstrap-executor-0] Resolving eureka endpoints via configuration
2022-05-05 14:21:16,534 INFO com.netflix.discovery.shared.resolver.aws.ConfigClusterResolver [AsyncResolver-bootstrap-executor-0] Resolving eureka endpoints via configuration
2022-05-05 14:26:16,548 INFO com.netflix.discovery.shared.resolver.aws.ConfigClusterResolver [AsyncResolver-bootstrap-executor-0] Resolving eureka endpoints via configuration
2022-05-05 14:31:16,552 INFO com.netflix.discovery.shared.resolver.aws.ConfigClusterResolver [AsyncResolver-bootstrap-executor-0] Resolving eureka endpoints via configuration
2022-05-05 14:36:16,569 INFO com.netflix.discovery.shared.resolver.aws.ConfigClusterResolver [AsyncResolver-bootstrap-executor-0] Resolving eureka endpoints via configuration
2022-05-05 14:41:16,572 INFO com.netflix.discovery.shared.resolver.aws.ConfigClusterResolver [AsyncResolver-bootstrap-executor-0] Resolving eureka endpoints via configuration
2022-05-05 14:46:16,587 INFO com.netflix.discovery.shared.resolver.aws.ConfigClusterResolver [AsyncResolver-bootstrap-executor-0] Resolving eureka endpoints via configuration
2022-05-05 14:51:16,602 INFO com.netflix.discovery.shared.resolver.aws.ConfigClusterResolver [AsyncResolver-bootstrap-executor-0] Resolving eureka endpoints via configuration
2022-05-05 14:56:16,607 INFO com.netflix.discovery.shared.resolver.aws.ConfigClusterResolver [AsyncResolver-bootstrap-executor-0] Resolving eureka endpoints via configuration
2022-05-05 15:01:16,612 INFO com.netflix.discovery.shared.resolver.aws.ConfigClusterResolver [AsyncResolver-bootstrap-executor-0] Resolving eureka endpoints via configuration
2022-05-05 15:06:16,621 INFO com.netflix.discovery.shared.resolver.aws.ConfigClusterResolver [AsyncResolver-bootstrap-executor-0] Resolving eureka endpoints via configuration
2022-05-05 15:11:16,632 INFO com.netflix.discovery.shared.resolver.aws.ConfigClusterResolver [AsyncResolver-bootstrap-executor-0] Resolving eureka endpoints via configuration
2022-05-05 15:16:16,638 INFO com.netflix.discovery.shared.resolver.aws.ConfigClusterResolver [AsyncResolver-bootstrap-executor-0] Resolving eureka endpoints via configuration
2022-05-05 15:21:16,651 INFO com.netflix.discovery.shared.resolver.aws.ConfigClusterResolver [AsyncResolver-bootstrap-executor-0] Resolving eureka endpoints via configuration
2022-05-05 15:26:16,661 INFO com.netflix.discovery.shared.resolver.aws.ConfigClusterResolver [AsyncResolver-bootstrap-executor-0] Resolving eureka endpoints via configuration
2022-05-05 15:31:16,672 INFO com.netflix.discovery.shared.resolver.aws.ConfigClusterResolver [AsyncResolver-bootstrap-executor-0] Resolving eureka endpoints via configuration
2022-05-05 15:36:16,683 INFO com.netflix.discovery.shared.resolver.aws.ConfigClusterResolver [AsyncResolver-bootstrap-executor-0] Resolving eureka endpoints via configuration
2022-05-05 15:41:16,695 INFO com.netflix.discovery.shared.resolver.aws.ConfigClusterResolver [AsyncResolver-bootstrap-executor-0] Resolving eureka endpoints via configuration
2022-05-05 15:46:16,706 INFO com.netflix.discovery.shared.resolver.aws.ConfigClusterResolver [AsyncResolver-bootstrap-executor-0] Resolving eureka endpoints via configuration
2022-05-05 15:51:16,723 INFO com.netflix.discovery.shared.resolver.aws.ConfigClusterResolver [AsyncResolver-bootstrap-executor-0] Resolving eureka endpoints via configuration
2022-05-05 15:56:16,696 INFO com.netflix.discovery.shared.resolver.aws.ConfigClusterResolver [AsyncResolver-bootstrap-executor-0] Resolving eureka endpoints via configuration
2022-05-05 15:59:14,207 WARN com.zaxxer.hikari.pool.HikariPool$HouseKeeper [HikariPool-1 housekeeper] HikariPool-1 - Thread starvation or clock leap detected (housekeeper delta=2m26s920ms909µs).
2022-05-05 16:03:13,620 INFO com.netflix.discovery.shared.resolver.aws.ConfigClusterResolver [AsyncResolver-bootstrap-executor-0] Resolving eureka endpoints via configuration
2022-05-05 16:08:13,627 INFO com.netflix.discovery.shared.resolver.aws.ConfigClusterResolver [AsyncResolver-bootstrap-executor-0] Resolving eureka endpoints via configuration
2022-05-05 16:13:13,636 INFO com.netflix.discovery.shared.resolver.aws.ConfigClusterResolver [AsyncResolver-bootstrap-executor-0] Resolving eureka endpoints via configuration
2022-05-05 16:18:13,652 INFO com.netflix.discovery.shared.resolver.aws.ConfigClusterResolver [AsyncResolver-bootstrap-executor-0] Resolving eureka endpoints via configuration
2022-05-05 16:23:13,663 INFO com.netflix.discovery.shared.resolver.aws.ConfigClusterResolver [AsyncResolver-bootstrap-executor-0] Resolving eureka endpoints via configuration
2022-05-05 16:28:13,671 INFO com.netflix.discovery.shared.resolver.aws.ConfigClusterResolver [AsyncResolver-bootstrap-executor-0] Resolving eureka endpoints via configuration
2022-05-05 16:33:13,684 INFO com.netflix.discovery.shared.resolver.aws.ConfigClusterResolver [AsyncResolver-bootstrap-executor-0] Resolving eureka endpoints via configuration
2022-05-05 16:38:13,692 INFO com.netflix.discovery.shared.resolver.aws.ConfigClusterResolver [AsyncResolver-bootstrap-executor-0] Resolving eureka endpoints via configuration
2022-05-05 16:43:13,705 INFO com.netflix.discovery.shared.resolver.aws.ConfigClusterResolver [AsyncResolver-bootstrap-executor-0] Resolving eureka endpoints via configuration
2022-05-05 16:48:13,717 INFO com.netflix.discovery.shared.resolver.aws.ConfigClusterResolver [AsyncResolver-bootstrap-executor-0] Resolving eureka endpoints via configuration
2022-05-05 16:53:13,722 INFO com.netflix.discovery.shared.resolver.aws.ConfigClusterResolver [AsyncResolver-bootstrap-executor-0] Resolving eureka endpoints via configuration
2022-05-05 16:58:13,724 INFO com.netflix.discovery.shared.resolver.aws.ConfigClusterResolver [AsyncResolver-bootstrap-executor-0] Resolving eureka endpoints via configuration
2022-05-05 17:00:46,968 INFO com.cts.eauction.microservices.seller.controller.SellerController [http-nio-8020-exec-4] Executing addNewProduct method with AddNewProductRequest [productName=Test Product9, shortDescription=This is product's short description, detailedDescription=This is product's detail description, category=Show piece, startingPrice=null, bidEndDate=10/10/2022, firstName=Supratim, lastName=Bhattacharyya, Address=61, Santoshpur Avenue, Kolkata 700075, City=Kolkata, State=West Bengal, Pin=700075, Phone=9830533054, Email=abcd@gmail.com]
2022-05-05 17:00:46,997 INFO com.cts.eauction.microservices.seller.services.SellerService [http-nio-8020-exec-4] Entering registerSeller method with Seller [firstName=Supratim, lastName=Bhattacharyya, Address=61, Santoshpur Avenue, Kolkata 700075, City=Kolkata, State=West Bengal, Pin=700075, Phone=9830533054, Email=abcd@gmail.com]
2022-05-05 17:00:47,178 INFO com.cts.eauction.microservices.seller.services.SellerService [http-nio-8020-exec-4] Seller is saved in database Seller [firstName=Supratim, lastName=Bhattacharyya, Address=61, Santoshpur Avenue, Kolkata 700075, City=Kolkata, State=West Bengal, Pin=700075, Phone=9830533054, Email=abcd@gmail.com]
2022-05-05 17:03:13,729 INFO com.netflix.discovery.shared.resolver.aws.ConfigClusterResolver [AsyncResolver-bootstrap-executor-0] Resolving eureka endpoints via configuration
2022-05-05 17:08:13,740 INFO com.netflix.discovery.shared.resolver.aws.ConfigClusterResolver [AsyncResolver-bootstrap-executor-0] Resolving eureka endpoints via configuration
2022-05-05 17:10:51,853 INFO com.cts.eauction.microservices.seller.controller.SellerController [http-nio-8020-exec-7] Executing addNewProduct method with AddNewProductRequest [productName=Test Product10, shortDescription=This is product's short description, detailedDescription=This is product's detail description, category=Show piece, startingPrice=null, bidEndDate=10/10/2022, firstName=Supratim, lastName=Bhattacharyya, Address=61, Santoshpur Avenue, Kolkata 700075, City=Kolkata, State=West Bengal, Pin=700075, Phone=9830533054, Email=abcd@gmail.com]
2022-05-05 17:10:51,858 INFO com.cts.eauction.microservices.seller.services.SellerService [http-nio-8020-exec-7] Entering registerSeller method with Seller [firstName=Supratim, lastName=Bhattacharyya, Address=61, Santoshpur Avenue, Kolkata 700075, City=Kolkata, State=West Bengal, Pin=700075, Phone=9830533054, Email=abcd@gmail.com]
2022-05-05 17:10:51,868 INFO com.cts.eauction.microservices.seller.services.SellerService [http-nio-8020-exec-7] Seller is saved in database Seller [firstName=Supratim, lastName=Bhattacharyya, Address=61, Santoshpur Avenue, Kolkata 700075, City=Kolkata, State=West Bengal, Pin=700075, Phone=9830533054, Email=abcd@gmail.com]
2022-05-05 17:13:13,754 INFO com.netflix.discovery.shared.resolver.aws.ConfigClusterResolver [AsyncResolver-bootstrap-executor-0] Resolving eureka endpoints via configuration
2022-05-05 17:14:57,587 INFO com.cts.eauction.microservices.seller.controller.SellerController [http-nio-8020-exec-9] Executing addNewProduct method with AddNewProductRequest [productName=Test Product10, shortDescription=This is product's short description, detailedDescription=This is product's detail description, category=Show piece, startingPrice=null, bidEndDate=10/10/2022, firstName=Supratim, lastName=Bhattacharyya, Address=61, Santoshpur Avenue, Kolkata 700075, City=Kolkata, State=West Bengal, Pin=700075, Phone=9830533054, Email=abcd@gmail.com]
2022-05-05 17:14:57,590 INFO com.cts.eauction.microservices.seller.services.SellerService [http-nio-8020-exec-9] Entering registerSeller method with Seller [firstName=Supratim, lastName=Bhattacharyya, Address=61, Santoshpur Avenue, Kolkata 700075, City=Kolkata, State=West Bengal, Pin=700075, Phone=9830533054, Email=abcd@gmail.com]
2022-05-05 17:14:57,594 INFO com.cts.eauction.microservices.seller.services.SellerService [http-nio-8020-exec-9] Seller is saved in database Seller [firstName=Supratim, lastName=Bhattacharyya, Address=61, Santoshpur Avenue, Kolkata 700075, City=Kolkata, State=West Bengal, Pin=700075, Phone=9830533054, Email=abcd@gmail.com]
2022-05-05 17:18:13,756 INFO com.netflix.discovery.shared.resolver.aws.ConfigClusterResolver [AsyncResolver-bootstrap-executor-0] Resolving eureka endpoints via configuration
2022-05-05 17:23:13,818 INFO com.netflix.discovery.shared.resolver.aws.ConfigClusterResolver [AsyncResolver-bootstrap-executor-0] Resolving eureka endpoints via configuration
2022-05-05 17:28:13,820 INFO com.netflix.discovery.shared.resolver.aws.ConfigClusterResolver [AsyncResolver-bootstrap-executor-0] Resolving eureka endpoints via configuration
2022-05-05 17:33:13,827 INFO com.netflix.discovery.shared.resolver.aws.ConfigClusterResolver [AsyncResolver-bootstrap-executor-0] Resolving eureka endpoints via configuration
2022-05-05 17:38:13,834 INFO com.netflix.discovery.shared.resolver.aws.ConfigClusterResolver [AsyncResolver-bootstrap-executor-0] Resolving eureka endpoints via configuration
2022-05-05 17:43:13,839 INFO com.netflix.discovery.shared.resolver.aws.ConfigClusterResolver [AsyncResolver-bootstrap-executor-0] Resolving eureka endpoints via configuration
2022-05-05 17:45:07,665 INFO com.cts.eauction.microservices.seller.controller.SellerController [http-nio-8020-exec-3] Executing addNewProduct method with AddNewProductRequest [productName=Test Product10, shortDescription=This is product's short description, detailedDescription=This is product's detail description, category=Show piece, startingPrice=null, bidEndDate=10/10/2022, firstName=Supratim, lastName=Bhattacharyya, Address=61, Santoshpur Avenue, Kolkata 700075, City=Kolkata, State=West Bengal, Pin=700075, Phone=9830533054, Email=abcd@gmail.com]
2022-05-05 17:45:07,692 INFO com.cts.eauction.microservices.seller.services.SellerService [http-nio-8020-exec-3] Entering registerSeller method with Seller [firstName=Supratim, lastName=Bhattacharyya, Address=61, Santoshpur Avenue, Kolkata 700075, City=Kolkata, State=West Bengal, Pin=700075, Phone=9830533054, Email=abcd@gmail.com]
2022-05-05 17:45:07,730 INFO com.cts.eauction.microservices.seller.services.SellerService [http-nio-8020-exec-3] Seller is saved in database Seller [firstName=Supratim, lastName=Bhattacharyya, Address=61, Santoshpur Avenue, Kolkata 700075, City=Kolkata, State=West Bengal, Pin=700075, Phone=9830533054, Email=abcd@gmail.com]
2022-05-05 17:48:13,850 INFO com.netflix.discovery.shared.resolver.aws.ConfigClusterResolver [AsyncResolver-bootstrap-executor-0] Resolving eureka endpoints via configuration
2022-05-05 17:53:13,853 INFO com.netflix.discovery.shared.resolver.aws.ConfigClusterResolver [AsyncResolver-bootstrap-executor-0] Resolving eureka endpoints via configuration
2022-05-05 17:55:04,682 INFO com.cts.eauction.microservices.seller.controller.SellerController [http-nio-8020-exec-6] Executing addNewProduct method with AddNewProductRequest [productName=Test Product10, shortDescription=This is product's short description, detailedDescription=This is product's detail description, category=Show piece, startingPrice=null, bidEndDate=10/10/2022, firstName=Supratim, lastName=Bhattacharyya, Address=61, Santoshpur Avenue, Kolkata 700075, City=Kolkata, State=West Bengal, Pin=700075, Phone=9830533054, Email=abcd@gmail.com]
2022-05-05 17:55:04,707 INFO com.cts.eauction.microservices.seller.services.SellerService [http-nio-8020-exec-6] Entering registerSeller method with Seller [firstName=Supratim, lastName=Bhattacharyya, Address=61, Santoshpur Avenue, Kolkata 700075, City=Kolkata, State=West Bengal, Pin=700075, Phone=9830533054, Email=abcd@gmail.com]
2022-05-05 17:55:04,717 INFO com.cts.eauction.microservices.seller.services.SellerService [http-nio-8020-exec-6] Seller is saved in database Seller [firstName=Supratim, lastName=Bhattacharyya, Address=61, Santoshpur Avenue, Kolkata 700075, City=Kolkata, State=West Bengal, Pin=700075, Phone=9830533054, Email=abcd@gmail.com]
2022-05-05 17:58:13,866 INFO com.netflix.discovery.shared.resolver.aws.ConfigClusterResolver [AsyncResolver-bootstrap-executor-0] Resolving eureka endpoints via configuration
2022-05-05 17:59:21,512 INFO com.cts.eauction.microservices.seller.controller.SellerController [http-nio-8020-exec-10] Executing addNewProduct method with AddNewProductRequest [productName=Test Product10, shortDescription=This is product's short description, detailedDescription=This is product's detail description, category=Show piece, startingPrice=null, bidEndDate=10/10/2022, firstName=Supratim, lastName=Bhattacharyya, Address=61, Santoshpur Avenue, Kolkata 700075, City=Kolkata, State=West Bengal, Pin=700075, Phone=9830533054, Email=abcd@gmail.com]
2022-05-05 17:59:21,515 INFO com.cts.eauction.microservices.seller.services.SellerService [http-nio-8020-exec-10] Entering registerSeller method with Seller [firstName=Supratim, lastName=Bhattacharyya, Address=61, Santoshpur Avenue, Kolkata 700075, City=Kolkata, State=West Bengal, Pin=700075, Phone=9830533054, Email=abcd@gmail.com]
2022-05-05 17:59:21,520 INFO com.cts.eauction.microservices.seller.services.SellerService [http-nio-8020-exec-10] Seller is saved in database Seller [firstName=Supratim, lastName=Bhattacharyya, Address=61, Santoshpur Avenue, Kolkata 700075, City=Kolkata, State=West Bengal, Pin=700075, Phone=9830533054, Email=abcd@gmail.com]
2022-05-05 18:03:13,883 INFO com.netflix.discovery.shared.resolver.aws.ConfigClusterResolver [AsyncResolver-bootstrap-executor-0] Resolving eureka endpoints via configuration
2022-05-05 18:06:31,476 INFO com.cts.eauction.microservices.seller.controller.SellerController [http-nio-8020-exec-2] Executing addNewProduct method with AddNewProductRequest [productName=Test Product10, shortDescription=This is product's short description, detailedDescription=This is product's detail description, category=Show piece, startingPrice=null, bidEndDate=10/10/2022, firstName=Supratim, lastName=Bhattacharyya, Address=61, Santoshpur Avenue, Kolkata 700075, City=Kolkata, State=West Bengal, Pin=700075, Phone=9830533054, Email=abcd@gmail.com]
2022-05-05 18:06:31,508 INFO com.cts.eauction.microservices.seller.services.SellerService [http-nio-8020-exec-2] Entering registerSeller method with Seller [firstName=Supratim, lastName=Bhattacharyya, Address=61, Santoshpur Avenue, Kolkata 700075, City=Kolkata, State=West Bengal, Pin=700075, Phone=9830533054, Email=abcd@gmail.com]
2022-05-05 18:06:31,533 INFO com.cts.eauction.microservices.seller.services.SellerService [http-nio-8020-exec-2] Seller is saved in database Seller [firstName=Supratim, lastName=Bhattacharyya, Address=61, Santoshpur Avenue, Kolkata 700075, City=Kolkata, State=West Bengal, Pin=700075, Phone=9830533054, Email=abcd@gmail.com]
2022-05-05 18:08:13,887 INFO com.netflix.discovery.shared.resolver.aws.ConfigClusterResolver [AsyncResolver-bootstrap-executor-0] Resolving eureka endpoints via configuration
2022-05-05 18:13:13,901 INFO com.netflix.discovery.shared.resolver.aws.ConfigClusterResolver [AsyncResolver-bootstrap-executor-0] Resolving eureka endpoints via configuration
2022-05-05 18:18:13,909 INFO com.netflix.discovery.shared.resolver.aws.ConfigClusterResolver [AsyncResolver-bootstrap-executor-0] Resolving eureka endpoints via configuration
2022-05-05 18:23:13,923 INFO com.netflix.discovery.shared.resolver.aws.ConfigClusterResolver [AsyncResolver-bootstrap-executor-0] Resolving eureka endpoints via configuration
2022-05-05 18:53:42,400 WARN com.zaxxer.hikari.pool.HikariPool$HouseKeeper [HikariPool-1 housekeeper] HikariPool-1 - Thread starvation or clock leap detected (housekeeper delta=26m25s801ms945µs300ns).
2022-05-05 18:54:26,635 INFO com.netflix.discovery.shared.resolver.aws.ConfigClusterResolver [AsyncResolver-bootstrap-executor-0] Resolving eureka endpoints via configuration
2022-05-05 18:59:26,643 INFO com.netflix.discovery.shared.resolver.aws.ConfigClusterResolver [AsyncResolver-bootstrap-executor-0] Resolving eureka endpoints via configuration
2022-05-05 19:04:26,657 INFO com.netflix.discovery.shared.resolver.aws.ConfigClusterResolver [AsyncResolver-bootstrap-executor-0] Resolving eureka endpoints via configuration
2022-05-05 19:04:59,500 INFO com.cts.eauction.microservices.seller.controller.SellerController [http-nio-8020-exec-5] Executing addNewProduct method with AddNewProductRequest [productName=Test Product10, shortDescription=This is product's short description, detailedDescription=This is product's detail description, category=Show piece, startingPrice=null, bidEndDate=10/10/2022, firstName=Supratim, lastName=Bhattacharyya, Address=61, Santoshpur Avenue, Kolkata 700075, City=Kolkata, State=West Bengal, Pin=700075, Phone=9830533054, Email=abcd@gmail.com]
2022-05-05 19:04:59,534 INFO com.cts.eauction.microservices.seller.services.SellerService [http-nio-8020-exec-5] Entering registerSeller method with Seller [firstName=Supratim, lastName=Bhattacharyya, Address=61, Santoshpur Avenue, Kolkata 700075, City=Kolkata, State=West Bengal, Pin=700075, Phone=9830533054, Email=abcd@gmail.com]
2022-05-05 19:04:59,617 INFO com.cts.eauction.microservices.seller.services.SellerService [http-nio-8020-exec-5] Seller is saved in database Seller [firstName=Supratim, lastName=Bhattacharyya, Address=61, Santoshpur Avenue, Kolkata 700075, City=Kolkata, State=West Bengal, Pin=700075, Phone=9830533054, Email=abcd@gmail.com]
2022-05-05 19:09:26,661 INFO com.netflix.discovery.shared.resolver.aws.ConfigClusterResolver [AsyncResolver-bootstrap-executor-0] Resolving eureka endpoints via configuration
2022-05-05 19:12:11,359 INFO com.cts.eauction.microservices.seller.controller.SellerController [http-nio-8020-exec-7] Executing addNewProduct method with AddNewProductRequest [productName=Test Product10, shortDescription=This is product's short description, detailedDescription=This is product's detail description, category=Show piece, startingPrice=null, bidEndDate=10/10/2022, firstName=Supratim, lastName=Bhattacharyya, Address=61, Santoshpur Avenue, Kolkata 700075, City=Kolkata, State=West Bengal, Pin=700075, Phone=9830533054, Email=abcd@gmail.com]
2022-05-05 19:12:11,361 INFO com.cts.eauction.microservices.seller.services.SellerService [http-nio-8020-exec-7] Entering registerSeller method with Seller [firstName=Supratim, lastName=Bhattacharyya, Address=61, Santoshpur Avenue, Kolkata 700075, City=Kolkata, State=West Bengal, Pin=700075, Phone=9830533054, Email=abcd@gmail.com]
2022-05-05 19:12:11,369 INFO com.cts.eauction.microservices.seller.services.SellerService [http-nio-8020-exec-7] Seller is saved in database Seller [firstName=Supratim, lastName=Bhattacharyya, Address=61, Santoshpur Avenue, Kolkata 700075, City=Kolkata, State=West Bengal, Pin=700075, Phone=9830533054, Email=abcd@gmail.com]
2022-05-05 19:14:01,849 INFO com.cts.eauction.microservices.seller.controller.SellerController [http-nio-8020-exec-9] Executing addNewProduct method with AddNewProductRequest [productName=Test Product10, shortDescription=This is product's short description, detailedDescription=This is product's detail description, category=Show piece, startingPrice=null, bidEndDate=10/10/2022, firstName=Supratim, lastName=Bhattacharyya, Address=61, Santoshpur Avenue, Kolkata 700075, City=Kolkata, State=West Bengal, Pin=700075, Phone=9830533054, Email=abcd@gmail.com]
2022-05-05 19:14:01,851 INFO com.cts.eauction.microservices.seller.services.SellerService [http-nio-8020-exec-9] Entering registerSeller method with Seller [firstName=Supratim, lastName=Bhattacharyya, Address=61, Santoshpur Avenue, Kolkata 700075, City=Kolkata, State=West Bengal, Pin=700075, Phone=9830533054, Email=abcd@gmail.com]
2022-05-05 19:14:01,854 INFO com.cts.eauction.microservices.seller.services.SellerService [http-nio-8020-exec-9] Seller is saved in database Seller [firstName=Supratim, lastName=Bhattacharyya, Address=61, Santoshpur Avenue, Kolkata 700075, City=Kolkata, State=West Bengal, Pin=700075, Phone=9830533054, Email=abcd@gmail.com]
2022-05-05 19:14:26,666 INFO com.netflix.discovery.shared.resolver.aws.ConfigClusterResolver [AsyncResolver-bootstrap-executor-0] Resolving eureka endpoints via configuration
2022-05-05 19:15:22,066 INFO com.cts.eauction.microservices.seller.controller.SellerController [http-nio-8020-exec-4] Executing addNewProduct method with AddNewProductRequest [productName=Test Product10, shortDescription=This is product's short description, detailedDescription=This is product's detail description, category=Show piece, startingPrice=null, bidEndDate=10/10/2022, firstName=Supratim, lastName=Bhattacharyya, Address=61, Santoshpur Avenue, Kolkata 700075, City=Kolkata, State=West Bengal, Pin=700075, Phone=9830533054, Email=abcd@gmail.com]
2022-05-05 19:15:22,068 INFO com.cts.eauction.microservices.seller.services.SellerService [http-nio-8020-exec-4] Entering registerSeller method with Seller [firstName=Supratim, lastName=Bhattacharyya, Address=61, Santoshpur Avenue, Kolkata 700075, City=Kolkata, State=West Bengal, Pin=700075, Phone=9830533054, Email=abcd@gmail.com]
2022-05-05 19:15:22,072 INFO com.cts.eauction.microservices.seller.services.SellerService [http-nio-8020-exec-4] Seller is saved in database Seller [firstName=Supratim, lastName=Bhattacharyya, Address=61, Santoshpur Avenue, Kolkata 700075, City=Kolkata, State=West Bengal, Pin=700075, Phone=9830533054, Email=abcd@gmail.com]
2022-05-05 19:19:26,676 INFO com.netflix.discovery.shared.resolver.aws.ConfigClusterResolver [AsyncResolver-bootstrap-executor-0] Resolving eureka endpoints via configuration
2022-05-05 19:21:16,813 INFO com.cts.eauction.microservices.seller.controller.SellerController [http-nio-8020-exec-8] Executing addNewProduct method with AddNewProductRequest [productName=Test Product10, shortDescription=This is product's short description, detailedDescription=This is product's detail description, category=Show piece, startingPrice=null, bidEndDate=10/10/2022, firstName=Supratim, lastName=Bhattacharyya, Address=61, Santoshpur Avenue, Kolkata 700075, City=Kolkata, State=West Bengal, Pin=700075, Phone=9830533054, Email=abcd@gmail.com]
2022-05-05 19:21:16,816 INFO com.cts.eauction.microservices.seller.services.SellerService [http-nio-8020-exec-8] Entering registerSeller method with Seller [firstName=Supratim, lastName=Bhattacharyya, Address=61, Santoshpur Avenue, Kolkata 700075, City=Kolkata, State=West Bengal, Pin=700075, Phone=9830533054, Email=abcd@gmail.com]
2022-05-05 19:21:16,820 INFO com.cts.eauction.microservices.seller.services.SellerService [http-nio-8020-exec-8] Seller is saved in database Seller [firstName=Supratim, lastName=Bhattacharyya, Address=61, Santoshpur Avenue, Kolkata 700075, City=Kolkata, State=West Bengal, Pin=700075, Phone=9830533054, Email=abcd@gmail.com]
2022-05-05 19:24:26,679 INFO com.netflix.discovery.shared.resolver.aws.ConfigClusterResolver [AsyncResolver-bootstrap-executor-0] Resolving eureka endpoints via configuration
2022-05-05 19:32:30,874 INFO org.springframework.boot.StartupInfoLogger [restartedMain] Starting EauctionHouseSellerServiceApplication using Java 15.0.1 on DESKTOP-UP4G20T with PID 17836 (D:\Work\HackFSE-2022-v1\project-repo\eauction-house\eauction-house-seller-service\build\classes\java\main started by supra in D:\Work\HackFSE-2022-v1\project-repo\eauction-house\eauction-house-seller-service)
2022-05-05 19:32:30,876 INFO org.springframework.boot.SpringApplication [restartedMain] The following 1 profile is active: "dev"
2022-05-05 19:32:30,907 INFO org.springframework.boot.logging.DeferredLog [restartedMain] Fetching config from server at : http://localhost:8888
2022-05-05 19:32:30,907 INFO org.springframework.boot.logging.DeferredLog [restartedMain] Located environment: name=seller, profiles=[dev], label=null, version=null, state=null
2022-05-05 19:32:30,908 INFO org.springframework.boot.logging.DeferredLog [restartedMain] Devtools property defaults active! Set 'spring.devtools.add-properties' to 'false' to disable
2022-05-05 19:32:30,908 INFO org.springframework.boot.logging.DeferredLog [restartedMain] For additional web related logging consider setting the 'logging.level.web' property to 'DEBUG'
2022-05-05 19:32:31,417 INFO org.springframework.data.repository.config.RepositoryConfigurationDelegate [restartedMain] Bootstrapping Spring Data JPA repositories in DEFAULT mode.
2022-05-05 19:32:31,525 INFO org.springframework.data.repository.config.RepositoryConfigurationDelegate [restartedMain] Finished Spring Data repository scanning in 100 ms. Found 1 JPA repository interfaces.
2022-05-05 19:32:31,696 INFO org.springframework.cloud.context.scope.GenericScope [restartedMain] BeanFactory id=68d0ba52-2d27-3096-ba20-90fb32366441
2022-05-05 19:32:32,169 INFO org.springframework.boot.web.embedded.tomcat.TomcatWebServer [restartedMain] Tomcat initialized with port(s): 8020 (http)
2022-05-05 19:32:32,179 INFO org.apache.juli.logging.DirectJDKLog [restartedMain] Initializing ProtocolHandler ["http-nio-8020"]
2022-05-05 19:32:32,179 INFO org.apache.juli.logging.DirectJDKLog [restartedMain] Starting service [Tomcat]
2022-05-05 19:32:32,180 INFO org.apache.juli.logging.DirectJDKLog [restartedMain] Starting Servlet engine: [Apache Tomcat/9.0.62]
2022-05-05 19:32:32,280 INFO org.apache.juli.logging.DirectJDKLog [restartedMain] Initializing Spring embedded WebApplicationContext
2022-05-05 19:32:32,281 INFO org.springframework.boot.web.servlet.context.ServletWebServerApplicationContext [restartedMain] Root WebApplicationContext: initialization completed in 1372 ms
2022-05-05 19:32:32,465 INFO org.hibernate.jpa.internal.util.LogHelper [restartedMain] HHH000204: Processing PersistenceUnitInfo [name: default]
2022-05-05 19:32:32,538 INFO org.hibernate.Version [restartedMain] HHH000412: Hibernate ORM core version 5.6.8.Final
2022-05-05 19:32:32,724 INFO org.hibernate.annotations.common.reflection.java.JavaReflectionManager [restartedMain] HCANN000001: Hibernate Commons Annotations {5.1.2.Final}
2022-05-05 19:32:32,817 INFO com.zaxxer.hikari.HikariDataSource [restartedMain] HikariPool-1 - Starting...
2022-05-05 19:32:33,217 INFO com.zaxxer.hikari.HikariDataSource [restartedMain] HikariPool-1 - Start completed.
2022-05-05 19:32:33,236 INFO org.hibernate.dialect.Dialect [restartedMain] HHH000400: Using dialect: org.hibernate.dialect.MySQL8Dialect
2022-05-05 19:32:33,730 INFO org.hibernate.engine.transaction.jta.platform.internal.JtaPlatformInitiator [restartedMain] HHH000490: Using JtaPlatform implementation: [org.hibernate.engine.transaction.jta.platform.internal.NoJtaPlatform]
2022-05-05 19:32:33,736 INFO org.springframework.orm.jpa.AbstractEntityManagerFactoryBean [restartedMain] Initialized JPA EntityManagerFactory for persistence unit 'default'
2022-05-05 19:32:33,986 WARN org.springframework.boot.autoconfigure.orm.jpa.JpaBaseConfiguration$JpaWebConfiguration [restartedMain] spring.jpa.open-in-view is enabled by default. Therefore, database queries may be performed during view rendering. Explicitly configure spring.jpa.open-in-view to disable this warning
2022-05-05 19:32:34,003 WARN org.springframework.boot.devtools.autoconfigure.OptionalLiveReloadServer [restartedMain] Unable to start LiveReload server
2022-05-05 19:32:34,032 INFO org.springframework.cloud.openfeign.FeignClientFactoryBean [restartedMain] For 'product' URL not provided. Will try picking an instance via load-balancing.
2022-05-05 19:32:34,375 INFO org.springframework.cloud.netflix.eureka.config.DiscoveryClientOptionalArgsConfiguration [restartedMain] Eureka HTTP Client uses RestTemplate.
2022-05-05 19:32:34,497 WARN org.springframework.cloud.loadbalancer.config.LoadBalancerCacheAutoConfiguration$LoadBalancerCaffeineWarnLogger [restartedMain] Spring Cloud LoadBalancer is currently working with the default cache. While this cache implementation is useful for development and tests, it's recommended to use Caffeine cache in production.You can switch to using Caffeine cache, by adding it and org.springframework.cache.caffeine.CaffeineCacheManager to the classpath.
2022-05-05 19:32:34,518 INFO org.springframework.cloud.netflix.eureka.InstanceInfoFactory [restartedMain] Setting initial instance status as: STARTING
2022-05-05 19:32:34,587 INFO com.netflix.discovery.DiscoveryClient [restartedMain] Initializing Eureka in region default
2022-05-05 19:32:34,591 INFO com.netflix.discovery.shared.resolver.aws.ConfigClusterResolver [restartedMain] Resolving eureka endpoints via configuration
2022-05-05 19:32:34,618 INFO com.netflix.discovery.DiscoveryClient [restartedMain] Disable delta property : false
2022-05-05 19:32:34,618 INFO com.netflix.discovery.DiscoveryClient [restartedMain] Single vip registry refresh property : null
2022-05-05 19:32:34,619 INFO com.netflix.discovery.DiscoveryClient [restartedMain] Force full registry fetch : false
2022-05-05 19:32:34,619 INFO com.netflix.discovery.DiscoveryClient [restartedMain] Application is null : false
2022-05-05 19:32:34,619 INFO com.netflix.discovery.DiscoveryClient [restartedMain] Registered Applications size is zero : true
2022-05-05 19:32:34,619 INFO com.netflix.discovery.DiscoveryClient [restartedMain] Application version is -1: true
2022-05-05 19:32:34,619 INFO com.netflix.discovery.DiscoveryClient [restartedMain] Getting all instance registry info from the eureka server
2022-05-05 19:32:34,745 INFO com.netflix.discovery.DiscoveryClient [restartedMain] The response status is 200
2022-05-05 19:32:34,751 INFO com.netflix.discovery.DiscoveryClient [restartedMain] Starting heartbeat executor: renew interval is: 30
2022-05-05 19:32:34,759 INFO com.netflix.discovery.InstanceInfoReplicator [restartedMain] InstanceInfoReplicator onDemand update allowed rate per min is 4
2022-05-05 19:32:34,775 INFO com.netflix.discovery.DiscoveryClient [restartedMain] Discovery Client initialized at timestamp 1651759354774 with initial instances count: 1
2022-05-05 19:32:34,776 INFO org.springframework.cloud.netflix.eureka.serviceregistry.EurekaServiceRegistry [restartedMain] Registering application SELLER with eureka with status UP
2022-05-05 19:32:34,777 INFO com.netflix.discovery.DiscoveryClient$3 [restartedMain] Saw local status change event StatusChangeEvent [timestamp=1651759354777, current=UP, previous=STARTING]
2022-05-05 19:32:34,778 INFO org.apache.juli.logging.DirectJDKLog [restartedMain] Starting ProtocolHandler ["http-nio-8020"]
2022-05-05 19:32:34,778 INFO com.netflix.discovery.DiscoveryClient [DiscoveryClient-InstanceInfoReplicator-0] DiscoveryClient_SELLER/DESKTOP-UP4G20T:seller:8020: registering service...
2022-05-05 19:32:34,794 INFO org.springframework.boot.web.embedded.tomcat.TomcatWebServer [restartedMain] Tomcat started on port(s): 8020 (http) with context path ''
2022-05-05 19:32:34,794 INFO org.springframework.cloud.netflix.eureka.serviceregistry.EurekaAutoServiceRegistration [restartedMain] Updating port to 8020
2022-05-05 19:32:34,839 INFO com.netflix.discovery.DiscoveryClient [DiscoveryClient-InstanceInfoReplicator-0] DiscoveryClient_SELLER/DESKTOP-UP4G20T:seller:8020 - registration status: 204
2022-05-05 19:32:34,872 INFO org.springframework.boot.StartupInfoLogger [restartedMain] Started EauctionHouseSellerServiceApplication in 4.924 seconds (JVM running for 5.358)
2022-05-05 19:36:11,936 INFO org.apache.juli.logging.DirectJDKLog [http-nio-8020-exec-3] Initializing Spring DispatcherServlet 'dispatcherServlet'
2022-05-05 19:36:11,937 INFO org.springframework.web.servlet.FrameworkServlet [http-nio-8020-exec-3] Initializing Servlet 'dispatcherServlet'
2022-05-05 19:36:11,939 INFO org.springframework.web.servlet.FrameworkServlet [http-nio-8020-exec-3] Completed initialization in 1 ms
2022-05-05 19:36:12,011 INFO com.cts.eauction.microservices.seller.controller.SellerController [http-nio-8020-exec-3] Executing addNewProduct method with AddNewProductRequest [productName=Test Product10, shortDescription=This is product's short description, detailedDescription=This is product's detail description, category=Show piece, startingPrice=null, bidEndDate=10/10/2022, firstName=Supratim, lastName=Bhattacharyya, Address=61, Santoshpur Avenue, Kolkata 700075, City=Kolkata, State=West Bengal, Pin=700075, Phone=9830533054, Email=abcd@gmail.com]
2022-05-05 19:36:12,037 INFO com.cts.eauction.microservices.seller.services.SellerService [http-nio-8020-exec-3] Entering registerSeller method with Seller [firstName=Supratim, lastName=Bhattacharyya, Address=61, Santoshpur Avenue, Kolkata 700075, City=Kolkata, State=West Bengal, Pin=700075, Phone=9830533054, Email=abcd@gmail.com]
2022-05-05 19:36:12,199 INFO com.cts.eauction.microservices.seller.services.SellerService [http-nio-8020-exec-3] Seller is saved in database Seller [firstName=Supratim, lastName=Bhattacharyya, Address=61, Santoshpur Avenue, Kolkata 700075, City=Kolkata, State=West Bengal, Pin=700075, Phone=9830533054, Email=abcd@gmail.com]
2022-05-05 19:37:34,628 INFO com.netflix.discovery.shared.resolver.aws.ConfigClusterResolver [AsyncResolver-bootstrap-executor-0] Resolving eureka endpoints via configuration
2022-05-05 19:42:34,634 INFO com.netflix.discovery.shared.resolver.aws.ConfigClusterResolver [AsyncResolver-bootstrap-executor-0] Resolving eureka endpoints via configuration
2022-05-05 19:47:34,640 INFO com.netflix.discovery.shared.resolver.aws.ConfigClusterResolver [AsyncResolver-bootstrap-executor-0] Resolving eureka endpoints via configuration
2022-05-05 19:52:34,654 INFO com.netflix.discovery.shared.resolver.aws.ConfigClusterResolver [AsyncResolver-bootstrap-executor-0] Resolving eureka endpoints via configuration
2022-05-05 19:57:34,657 INFO com.netflix.discovery.shared.resolver.aws.ConfigClusterResolver [AsyncResolver-bootstrap-executor-0] Resolving eureka endpoints via configuration
2022-05-05 19:59:23,895 INFO com.cts.eauction.microservices.seller.controller.SellerController [http-nio-8020-exec-5] Executing addNewProduct method with AddNewProductRequest [productName=Test Product10, shortDescription=This is product's short description, detailedDescription=This is product's detail description, category=Show piece, startingPrice=null, bidEndDate=10/10/2022, firstName=Supratim, lastName=Bhattacharyya, Address=61, Santoshpur Avenue, Kolkata 700075, City=Kolkata, State=West Bengal, Pin=700075, Phone=9830533054, Email=abcd@gmail.com]
2022-05-05 19:59:23,908 INFO com.cts.eauction.microservices.seller.services.SellerService [http-nio-8020-exec-5] Entering registerSeller method with Seller [firstName=Supratim, lastName=Bhattacharyya, Address=61, Santoshpur Avenue, Kolkata 700075, City=Kolkata, State=West Bengal, Pin=700075, Phone=9830533054, Email=abcd@gmail.com]
2022-05-05 19:59:23,924 INFO com.cts.eauction.microservices.seller.services.SellerService [http-nio-8020-exec-5] Seller is saved in database Seller [firstName=Supratim, lastName=Bhattacharyya, Address=61, Santoshpur Avenue, Kolkata 700075, City=Kolkata, State=West Bengal, Pin=700075, Phone=9830533054, Email=abcd@gmail.com]
2022-05-05 20:00:11,489 INFO com.cts.eauction.microservices.seller.controller.SellerController [http-nio-8020-exec-6] Executing addNewProduct method with AddNewProductRequest [productName=Test Product10, shortDescription=This is product's short description, detailedDescription=This is product's detail description, category=Show piece, startingPrice=null, bidEndDate=10/10/2022, firstName=Supratim, lastName=Bhattacharyya, Address=61, Santoshpur Avenue, Kolkata 700075, City=Kolkata, State=West Bengal, Pin=700075, Phone=9830533054, Email=abcd@gmail.com]
2022-05-05 20:00:11,490 INFO com.cts.eauction.microservices.seller.services.SellerService [http-nio-8020-exec-6] Entering registerSeller method with Seller [firstName=Supratim, lastName=Bhattacharyya, Address=61, Santoshpur Avenue, Kolkata 700075, City=Kolkata, State=West Bengal, Pin=700075, Phone=9830533054, Email=abcd@gmail.com]
2022-05-05 20:00:11,494 INFO com.cts.eauction.microservices.seller.services.SellerService [http-nio-8020-exec-6] Seller is saved in database Seller [firstName=Supratim, lastName=Bhattacharyya, Address=61, Santoshpur Avenue, Kolkata 700075, City=Kolkata, State=West Bengal, Pin=700075, Phone=9830533054, Email=abcd@gmail.com]
2022-05-05 20:02:34,665 INFO com.netflix.discovery.shared.resolver.aws.ConfigClusterResolver [AsyncResolver-bootstrap-executor-0] Resolving eureka endpoints via configuration
2022-05-05 20:04:10,260 INFO com.cts.eauction.microservices.seller.controller.SellerController [http-nio-8020-exec-9] Executing addNewProduct method with AddNewProductRequest [productName=Test Product10, shortDescription=This is product's short description, detailedDescription=This is product's detail description, category=Show piece, startingPrice=null, bidEndDate=10/10/2022, firstName=Supratim, lastName=Bhattacharyya, Address=61, Santoshpur Avenue, Kolkata 700075, City=Kolkata, State=West Bengal, Pin=700075, Phone=9830533054, Email=abcd@gmail.com]
2022-05-05 20:04:10,263 INFO com.cts.eauction.microservices.seller.services.SellerService [http-nio-8020-exec-9] Entering registerSeller method with Seller [firstName=Supratim, lastName=Bhattacharyya, Address=61, Santoshpur Avenue, Kolkata 700075, City=Kolkata, State=West Bengal, Pin=700075, Phone=9830533054, Email=abcd@gmail.com]
2022-05-05 20:04:10,268 INFO com.cts.eauction.microservices.seller.services.SellerService [http-nio-8020-exec-9] Seller is saved in database Seller [firstName=Supratim, lastName=Bhattacharyya, Address=61, Santoshpur Avenue, Kolkata 700075, City=Kolkata, State=West Bengal, Pin=700075, Phone=9830533054, Email=abcd@gmail.com]
2022-05-05 20:07:34,680 INFO com.netflix.discovery.shared.resolver.aws.ConfigClusterResolver [AsyncResolver-bootstrap-executor-0] Resolving eureka endpoints via configuration
2022-05-05 20:07:55,077 INFO com.cts.eauction.microservices.seller.controller.SellerController [http-nio-8020-exec-1] Executing addNewProduct method with AddNewProductRequest [productName=Test Product10, shortDescription=This is product's short description, detailedDescription=This is product's detail description, category=Show piece, startingPrice=null, bidEndDate=10/10/2022, firstName=Supratim, lastName=Bhattacharyya, Address=61, Santoshpur Avenue, Kolkata 700075, City=Kolkata, State=West Bengal, Pin=700075, Phone=9830533054, Email=abcd@gmail.com]
2022-05-05 20:07:55,079 INFO com.cts.eauction.microservices.seller.services.SellerService [http-nio-8020-exec-1] Entering registerSeller method with Seller [firstName=Supratim, lastName=Bhattacharyya, Address=61, Santoshpur Avenue, Kolkata 700075, City=Kolkata, State=West Bengal, Pin=700075, Phone=9830533054, Email=abcd@gmail.com]
2022-05-05 20:07:55,083 INFO com.cts.eauction.microservices.seller.services.SellerService [http-nio-8020-exec-1] Seller is saved in database Seller [firstName=Supratim, lastName=Bhattacharyya, Address=61, Santoshpur Avenue, Kolkata 700075, City=Kolkata, State=West Bengal, Pin=700075, Phone=9830533054, Email=abcd@gmail.com]
2022-05-05 20:12:34,689 INFO com.netflix.discovery.shared.resolver.aws.ConfigClusterResolver [AsyncResolver-bootstrap-executor-0] Resolving eureka endpoints via configuration
2022-05-05 20:17:34,693 INFO com.netflix.discovery.shared.resolver.aws.ConfigClusterResolver [AsyncResolver-bootstrap-executor-0] Resolving eureka endpoints via configuration
2022-05-05 20:17:57,554 INFO com.cts.eauction.microservices.seller.controller.SellerController [http-nio-8020-exec-5] Executing addNewProduct method with AddNewProductRequest [productName=Test Product10, shortDescription=This is product's short description, detailedDescription=This is product's detail description, category=Show piece, startingPrice=null, bidEndDate=10/10/2022, firstName=Supratim, lastName=Bhattacharyya, Address=61, Santoshpur Avenue, Kolkata 700075, City=Kolkata, State=West Bengal, Pin=700075, Phone=9830533054, Email=abcd@gmail.com]
2022-05-05 20:17:57,561 INFO com.cts.eauction.microservices.seller.services.SellerService [http-nio-8020-exec-5] Entering registerSeller method with Seller [firstName=Supratim, lastName=Bhattacharyya, Address=61, Santoshpur Avenue, Kolkata 700075, City=Kolkata, State=West Bengal, Pin=700075, Phone=9830533054, Email=abcd@gmail.com]
2022-05-05 20:17:57,569 INFO com.cts.eauction.microservices.seller.services.SellerService [http-nio-8020-exec-5] Seller is saved in database Seller [firstName=Supratim, lastName=Bhattacharyya, Address=61, Santoshpur Avenue, Kolkata 700075, City=Kolkata, State=West Bengal, Pin=700075, Phone=9830533054, Email=abcd@gmail.com]
2022-05-05 20:20:18,490 INFO com.cts.eauction.microservices.seller.controller.SellerController [http-nio-8020-exec-8] Executing addNewProduct method with AddNewProductRequest [productName=Test Product10, shortDescription=This is product's short description, detailedDescription=This is product's detail description, category=Show piece, startingPrice=null, bidEndDate=10/10/2022, firstName=Supratim, lastName=Bhattacharyya, Address=61, Santoshpur Avenue, Kolkata 700075, City=Kolkata, State=West Bengal, Pin=700075, Phone=9830533054, Email=abcd@gmail.com]
2022-05-05 20:20:18,493 INFO com.cts.eauction.microservices.seller.services.SellerService [http-nio-8020-exec-8] Entering registerSeller method with Seller [firstName=Supratim, lastName=Bhattacharyya, Address=61, Santoshpur Avenue, Kolkata 700075, City=Kolkata, State=West Bengal, Pin=700075, Phone=9830533054, Email=abcd@gmail.com]
2022-05-05 20:20:18,495 INFO com.cts.eauction.microservices.seller.services.SellerService [http-nio-8020-exec-8] Seller is saved in database Seller [firstName=Supratim, lastName=Bhattacharyya, Address=61, Santoshpur Avenue, Kolkata 700075, City=Kolkata, State=West Bengal, Pin=700075, Phone=9830533054, Email=abcd@gmail.com]
2022-05-05 20:22:10,759 INFO com.cts.eauction.microservices.seller.controller.SellerController [http-nio-8020-exec-3] Executing addNewProduct method with AddNewProductRequest [productName=Test Product10, shortDescription=This is product's short description, detailedDescription=This is product's detail description, category=Show piece, startingPrice=null, bidEndDate=10/10/2022, firstName=Supratim, lastName=Bhattacharyya, Address=61, Santoshpur Avenue, Kolkata 700075, City=Kolkata, State=West Bengal, Pin=700075, Phone=9830533054, Email=abcd@gmail.com]
2022-05-05 20:22:10,762 INFO com.cts.eauction.microservices.seller.services.SellerService [http-nio-8020-exec-3] Entering registerSeller method with Seller [firstName=Supratim, lastName=Bhattacharyya, Address=61, Santoshpur Avenue, Kolkata 700075, City=Kolkata, State=West Bengal, Pin=700075, Phone=9830533054, Email=abcd@gmail.com]
2022-05-05 20:22:10,771 INFO com.cts.eauction.microservices.seller.services.SellerService [http-nio-8020-exec-3] Seller is saved in database Seller [firstName=Supratim, lastName=Bhattacharyya, Address=61, Santoshpur Avenue, Kolkata 700075, City=Kolkata, State=West Bengal, Pin=700075, Phone=9830533054, Email=abcd@gmail.com]
2022-05-05 20:22:34,707 INFO com.netflix.discovery.shared.resolver.aws.ConfigClusterResolver [AsyncResolver-bootstrap-executor-0] Resolving eureka endpoints via configuration
2022-05-05 20:27:34,724 INFO com.netflix.discovery.shared.resolver.aws.ConfigClusterResolver [AsyncResolver-bootstrap-executor-0] Resolving eureka endpoints via configuration
2022-05-05 20:32:34,728 INFO com.netflix.discovery.shared.resolver.aws.ConfigClusterResolver [AsyncResolver-bootstrap-executor-0] Resolving eureka endpoints via configuration
2022-05-05 20:37:34,739 INFO com.netflix.discovery.shared.resolver.aws.ConfigClusterResolver [AsyncResolver-bootstrap-executor-0] Resolving eureka endpoints via configuration
2022-05-05 20:42:34,754 INFO com.netflix.discovery.shared.resolver.aws.ConfigClusterResolver [AsyncResolver-bootstrap-executor-0] Resolving eureka endpoints via configuration
2022-05-05 20:43:40,340 INFO com.cts.eauction.microservices.seller.controller.SellerController [http-nio-8020-exec-4] Executing addNewProduct method with AddNewProductRequest [productName=Test Product10, shortDescription=This is product's short description, detailedDescription=This is product's detail description, category=Show piece, startingPrice=null, bidEndDate=10/10/2022, firstName=Supratim, lastName=Bhattacharyya, Address=61, Santoshpur Avenue, Kolkata 700075, City=Kolkata, State=West Bengal, Pin=700075, Phone=9830533054, Email=abcd@gmail.com]
2022-05-05 20:43:40,431 INFO com.cts.eauction.microservices.seller.services.SellerService [http-nio-8020-exec-4] Entering registerSeller method with Seller [firstName=Supratim, lastName=Bhattacharyya, Address=61, Santoshpur Avenue, Kolkata 700075, City=Kolkata, State=West Bengal, Pin=700075, Phone=9830533054, Email=abcd@gmail.com]
2022-05-05 20:43:40,540 INFO com.cts.eauction.microservices.seller.services.SellerService [http-nio-8020-exec-4] Seller is saved in database Seller [firstName=Supratim, lastName=Bhattacharyya, Address=61, Santoshpur Avenue, Kolkata 700075, City=Kolkata, State=West Bengal, Pin=700075, Phone=9830533054, Email=abcd@gmail.com]
2022-05-05 20:46:26,541 INFO com.cts.eauction.microservices.seller.controller.SellerController [http-nio-8020-exec-7] Executing addNewProduct method with AddNewProductRequest [productName=Test Product10, shortDescription=This is product's short description, detailedDescription=This is product's detail description, category=Show piece, startingPrice=null, bidEndDate=10/10/2022, firstName=Supratim, lastName=Bhattacharyya, Address=61, Santoshpur Avenue, Kolkata 700075, City=Kolkata, State=West Bengal, Pin=700075, Phone=9830533054, Email=abcd@gmail.com]
2022-05-05 20:46:26,547 INFO com.cts.eauction.microservices.seller.services.SellerService [http-nio-8020-exec-7] Entering registerSeller method with Seller [firstName=Supratim, lastName=Bhattacharyya, Address=61, Santoshpur Avenue, Kolkata 700075, City=Kolkata, State=West Bengal, Pin=700075, Phone=9830533054, Email=abcd@gmail.com]
2022-05-05 20:46:26,557 INFO com.cts.eauction.microservices.seller.services.SellerService [http-nio-8020-exec-7] Seller is saved in database Seller [firstName=Supratim, lastName=Bhattacharyya, Address=61, Santoshpur Avenue, Kolkata 700075, City=Kolkata, State=West Bengal, Pin=700075, Phone=9830533054, Email=abcd@gmail.com]
2022-05-05 20:47:34,767 INFO com.netflix.discovery.shared.resolver.aws.ConfigClusterResolver [AsyncResolver-bootstrap-executor-0] Resolving eureka endpoints via configuration
2022-05-05 20:52:34,784 INFO com.netflix.discovery.shared.resolver.aws.ConfigClusterResolver [AsyncResolver-bootstrap-executor-0] Resolving eureka endpoints via configuration
2022-05-05 20:57:34,795 INFO com.netflix.discovery.shared.resolver.aws.ConfigClusterResolver [AsyncResolver-bootstrap-executor-0] Resolving eureka endpoints via configuration
2022-05-05 21:02:34,802 INFO com.netflix.discovery.shared.resolver.aws.ConfigClusterResolver [AsyncResolver-bootstrap-executor-0] Resolving eureka endpoints via configuration
2022-05-05 21:07:34,818 INFO com.netflix.discovery.shared.resolver.aws.ConfigClusterResolver [AsyncResolver-bootstrap-executor-0] Resolving eureka endpoints via configuration
2022-05-05 21:08:23,624 INFO com.cts.eauction.microservices.seller.controller.SellerController [http-nio-8020-exec-10] Executing addNewProduct method with AddNewProductRequest [productName=Test Product10, shortDescription=This is product's short description, detailedDescription=This is product's detail description, category=Show piece, startingPrice=null, bidEndDate=10/10/2022, firstName=Supratim, lastName=Bhattacharyya, Address=61, Santoshpur Avenue, Kolkata 700075, City=Kolkata, State=West Bengal, Pin=700075, Phone=9830533054, Email=abcd@gmail.com]
2022-05-05 21:08:23,626 INFO com.cts.eauction.microservices.seller.services.SellerService [http-nio-8020-exec-10] Entering registerSeller method with Seller [firstName=Supratim, lastName=Bhattacharyya, Address=61, Santoshpur Avenue, Kolkata 700075, City=Kolkata, State=West Bengal, Pin=700075, Phone=9830533054, Email=abcd@gmail.com]
2022-05-05 21:08:23,631 INFO com.cts.eauction.microservices.seller.services.SellerService [http-nio-8020-exec-10] Seller is saved in database Seller [firstName=Supratim, lastName=Bhattacharyya, Address=61, Santoshpur Avenue, Kolkata 700075, City=Kolkata, State=West Bengal, Pin=700075, Phone=9830533054, Email=abcd@gmail.com]
2022-05-05 21:12:35,880 INFO com.netflix.discovery.shared.resolver.aws.ConfigClusterResolver [AsyncResolver-bootstrap-executor-0] Resolving eureka endpoints via configuration
2022-05-05 21:17:35,889 INFO com.netflix.discovery.shared.resolver.aws.ConfigClusterResolver [AsyncResolver-bootstrap-executor-0] Resolving eureka endpoints via configuration
2022-05-05 21:22:35,900 INFO com.netflix.discovery.shared.resolver.aws.ConfigClusterResolver [AsyncResolver-bootstrap-executor-0] Resolving eureka endpoints via configuration
2022-05-05 21:27:35,906 INFO com.netflix.discovery.shared.resolver.aws.ConfigClusterResolver [AsyncResolver-bootstrap-executor-0] Resolving eureka endpoints via configuration
2022-05-05 21:32:35,920 INFO com.netflix.discovery.shared.resolver.aws.ConfigClusterResolver [AsyncResolver-bootstrap-executor-0] Resolving eureka endpoints via configuration
2022-05-05 21:37:35,926 INFO com.netflix.discovery.shared.resolver.aws.ConfigClusterResolver [AsyncResolver-bootstrap-executor-0] Resolving eureka endpoints via configuration
2022-05-05 21:42:35,934 INFO com.netflix.discovery.shared.resolver.aws.ConfigClusterResolver [AsyncResolver-bootstrap-executor-0] Resolving eureka endpoints via configuration
2022-05-05 21:47:35,951 INFO com.netflix.discovery.shared.resolver.aws.ConfigClusterResolver [AsyncResolver-bootstrap-executor-0] Resolving eureka endpoints via configuration
2022-05-05 21:52:35,965 INFO com.netflix.discovery.shared.resolver.aws.ConfigClusterResolver [AsyncResolver-bootstrap-executor-0] Resolving eureka endpoints via configuration
2022-05-05 21:57:35,978 INFO com.netflix.discovery.shared.resolver.aws.ConfigClusterResolver [AsyncResolver-bootstrap-executor-0] Resolving eureka endpoints via configuration
2022-05-05 22:02:35,984 INFO com.netflix.discovery.shared.resolver.aws.ConfigClusterResolver [AsyncResolver-bootstrap-executor-0] Resolving eureka endpoints via configuration
2022-05-05 22:07:35,988 INFO com.netflix.discovery.shared.resolver.aws.ConfigClusterResolver [AsyncResolver-bootstrap-executor-0] Resolving eureka endpoints via configuration
2022-05-05 22:12:35,991 INFO com.netflix.discovery.shared.resolver.aws.ConfigClusterResolver [AsyncResolver-bootstrap-executor-0] Resolving eureka endpoints via configuration
2022-05-05 22:17:02,039 INFO com.cts.eauction.microservices.seller.controller.SellerController [http-nio-8020-exec-2] Executing addNewProduct method with AddNewProductRequest [productName=Test Product10, shortDescription=This is product's short description, detailedDescription=This is product's detail description, category=Show piece, startingPrice=null, bidEndDate=10/10/2022, firstName=Supratim, lastName=Bhattacharyya, Address=61, Santoshpur Avenue, Kolkata 700075, City=Kolkata, State=West Bengal, Pin=700075, Phone=9830533054, Email=abcd@gmail.com]
2022-05-05 22:17:02,042 INFO com.cts.eauction.microservices.seller.services.SellerService [http-nio-8020-exec-2] Entering registerSeller method with Seller [firstName=Supratim, lastName=Bhattacharyya, Address=61, Santoshpur Avenue, Kolkata 700075, City=Kolkata, State=West Bengal, Pin=700075, Phone=9830533054, Email=abcd@gmail.com]
2022-05-05 22:17:02,091 INFO com.cts.eauction.microservices.seller.services.SellerService [http-nio-8020-exec-2] Seller is saved in database Seller [firstName=Supratim, lastName=Bhattacharyya, Address=61, Santoshpur Avenue, Kolkata 700075, City=Kolkata, State=West Bengal, Pin=700075, Phone=9830533054, Email=abcd@gmail.com]
2022-05-05 22:17:35,998 INFO com.netflix.discovery.shared.resolver.aws.ConfigClusterResolver [AsyncResolver-bootstrap-executor-0] Resolving eureka endpoints via configuration
2022-05-05 22:22:37,052 INFO com.netflix.discovery.shared.resolver.aws.ConfigClusterResolver [AsyncResolver-bootstrap-executor-0] Resolving eureka endpoints via configuration
2022-05-05 22:27:37,068 INFO com.netflix.discovery.shared.resolver.aws.ConfigClusterResolver [AsyncResolver-bootstrap-executor-0] Resolving eureka endpoints via configuration
2022-05-05 22:32:37,084 INFO com.netflix.discovery.shared.resolver.aws.ConfigClusterResolver [AsyncResolver-bootstrap-executor-0] Resolving eureka endpoints via configuration
2022-05-05 22:37:37,092 INFO com.netflix.discovery.shared.resolver.aws.ConfigClusterResolver [AsyncResolver-bootstrap-executor-0] Resolving eureka endpoints via configuration
2022-05-05 22:42:37,095 INFO com.netflix.discovery.shared.resolver.aws.ConfigClusterResolver [AsyncResolver-bootstrap-executor-0] Resolving eureka endpoints via configuration
2022-05-05 22:47:37,104 INFO com.netflix.discovery.shared.resolver.aws.ConfigClusterResolver [AsyncResolver-bootstrap-executor-0] Resolving eureka endpoints via configuration
2022-05-05 22:52:37,119 INFO com.netflix.discovery.shared.resolver.aws.ConfigClusterResolver [AsyncResolver-bootstrap-executor-0] Resolving eureka endpoints via configuration
2022-05-05 22:57:37,122 INFO com.netflix.discovery.shared.resolver.aws.ConfigClusterResolver [AsyncResolver-bootstrap-executor-0] Resolving eureka endpoints via configuration
2022-05-05 23:02:37,136 INFO com.netflix.discovery.shared.resolver.aws.ConfigClusterResolver [AsyncResolver-bootstrap-executor-0] Resolving eureka endpoints via configuration
2022-05-05 23:07:37,145 INFO com.netflix.discovery.shared.resolver.aws.ConfigClusterResolver [AsyncResolver-bootstrap-executor-0] Resolving eureka endpoints via configuration
2022-05-05 23:12:37,160 INFO com.netflix.discovery.shared.resolver.aws.ConfigClusterResolver [AsyncResolver-bootstrap-executor-0] Resolving eureka endpoints via configuration
2022-05-05 23:17:37,162 INFO com.netflix.discovery.shared.resolver.aws.ConfigClusterResolver [AsyncResolver-bootstrap-executor-0] Resolving eureka endpoints via configuration
2022-05-05 23:22:39,278 INFO com.netflix.discovery.shared.resolver.aws.ConfigClusterResolver [AsyncResolver-bootstrap-executor-0] Resolving eureka endpoints via configuration
2022-05-05 23:27:39,293 INFO com.netflix.discovery.shared.resolver.aws.ConfigClusterResolver [AsyncResolver-bootstrap-executor-0] Resolving eureka endpoints via configuration
